The target system is: AmigaOS -  - ppc
The host system is: Linux - 5.17.3 - x86_64
Compiling the C compiler identification source file "CMakeCCompilerId.c" succeeded.
Compiler: /opt/ppc-amigaos/bin/ppc-amigaos-gcc 
Build flags: ;-O2;-fno-plt;-pipe;-ffast-math;-D_ARCH_G3;-mcpu=G3;-mno-altivec;;-mstrict-align;-mcrt=newlib;-athread=native;-D__amigaos4__;-DAMIGA;-D__AMIGAOS4__;-I/opt/ppc-amigaos/usr/include;
Id flags:  

The output was:
0


Compilation of the C compiler identification source "CMakeCCompilerId.c" produced "a.out"

The C compiler identification is GNU, found in "/work/wwwwwwwwwwwww/sdl2-compat/build/CMakeFiles/3.25.1/CompilerIdC/a.out"

Detecting C compiler ABI info compiled with the following output:
Change Dir: /work/wwwwwwwwwwwww/sdl2-compat/build/CMakeFiles/CMakeScratch/TryCompile-egKjeQ

Run Build Command(s):/usr/bin/gmake -f Makefile cmTC_f8864/fast && /usr/bin/gmake  -f CMakeFiles/cmTC_f8864.dir/build.make CMakeFiles/cmTC_f8864.dir/build
gmake[1]: Entering directory '/work/wwwwwwwwwwwww/sdl2-compat/build/CMakeFiles/CMakeScratch/TryCompile-egKjeQ'
Building C object CMakeFiles/cmTC_f8864.dir/CMakeCCompilerABI.c.obj
/opt/ppc-amigaos/bin/ppc-amigaos-gcc   -O2 -fno-plt -pipe -ffast-math -D_ARCH_G3 -mcpu=G3 -mno-altivec  -mstrict-align -mcrt=newlib -athread=native -D__amigaos4__ -DAMIGA -D__AMIGAOS4__ -I/opt/ppc-amigaos/usr/include    -v -o CMakeFiles/cmTC_f8864.dir/CMakeCCompilerABI.c.obj -c /usr/share/cmake-3.25/Modules/CMakeCCompilerABI.c
Using built-in specs.
COLLECT_GCC=/opt/ppc-amigaos/bin/ppc-amigaos-gcc
Target: ppc-amigaos
Configured with: /usr/local/src/k/ppc/adtools/gcc/repo/configure --with-bugurl=https://github.com/sba1/adtools/issues --with-pkgversion='adtools build 11.5.0' --target=ppc-amigaos --prefix=/opt/ppc-amigaos --enable-languages=c,c++ --enable-haifa --enable-sjlj-exceptions --disable-libstdcxx-pch --disable-tls --enable-threads=amigaos --enable-lto --disable-c++tools : (reconfigured) /usr/local/src/k/ppc/adtools/gcc/repo/configure --with-bugurl=https://github.com/sba1/adtools/issues --with-pkgversion='adtools build 11.5.0' --target=ppc-amigaos --prefix=/opt/ppc-amigaos --enable-languages=c,c++ --enable-haifa --enable-sjlj-exceptions --disable-libstdcxx-pch --disable-tls --enable-threads=amigaos --enable-lto --disable-c++tools
Thread model: amigaos
Supported LTO compression algorithms: zlib
gcc version 11.5.0 (adtools build 11.5.0) 
COLLECT_GCC_OPTIONS='-O2' '-fno-plt' '-pipe' '-ffast-math' '-D' '_ARCH_G3' '-mcpu=G3' '-mno-altivec' '-mstrict-align' '-mcrt=newlib' '-athread=native' '-D' '__amigaos4__' '-D' 'AMIGA' '-D' '__AMIGAOS4__' '-I' '/opt/ppc-amigaos/usr/include' '-v' '-o' 'CMakeFiles/cmTC_f8864.dir/CMakeCCompilerABI.c.obj' '-c' '-dumpdir' 'CMakeFiles/cmTC_f8864.dir/'
 /opt/ppc-amigaos/libexec/gcc/ppc-amigaos/11.5.0/cc1 -quiet -v -I /opt/ppc-amigaos/usr/include -idirafter /opt/ppc-amigaos/ppc-amigaos/SDK/newlib/include -idirafter /opt/ppc-amigaos/ppc-amigaos/SDK/local/newlib/include -idirafter /opt/ppc-amigaos/ppc-amigaos/SDK/include/include_h -idirafter /opt/ppc-amigaos/ppc-amigaos/SDK/include/netinclude -idirafter /opt/ppc-amigaos/ppc-amigaos/SDK/local/common/include -D _ARCH_G3 -D __amigaos4__ -D AMIGA -D __AMIGAOS4__ /usr/share/cmake-3.25/Modules/CMakeCCompilerABI.c -quiet -dumpdir CMakeFiles/cmTC_f8864.dir/ -dumpbase CMakeCCompilerABI.c.c -dumpbase-ext .c -mcpu=G3 -mno-altivec -mstrict-align -mcrt=newlib -O2 -version -fno-plt -ffast-math -o - |
 /opt/ppc-amigaos/lib/gcc/ppc-amigaos/11.5.0/../../../../ppc-amigaos/bin/as --traditional-format -mppc -mbig -o CMakeFiles/cmTC_f8864.dir/CMakeCCompilerABI.c.obj
GNU C17 (adtools build 11.5.0) version 11.5.0 (ppc-amigaos)
	compiled by GNU C version 12.2.0, GMP version 6.2.0, MPFR version 4.0.2, MPC version 1.1.0, isl version none
warning: GMP header version 6.2.0 differs from library version 6.3.0.
warning: MPFR header version 4.0.2 differs from library version 4.1.1-p1.
warning: MPC header version 1.1.0 differs from library version 1.3.1.
GGC heuristics: --param ggc-min-expand=100 --param ggc-min-heapsize=131072
ignoring nonexistent directory "/opt/ppc-amigaos/lib/gcc/ppc-amigaos/11.5.0/../../../../ppc-amigaos/sys-include"
ignoring duplicate directory "/opt/ppc-amigaos/usr/include"
  as it is a non-system directory that duplicates a system directory
#include "..." search starts here:
#include <...> search starts here:
 /opt/ppc-amigaos/lib/gcc/ppc-amigaos/11.5.0/include
 /opt/ppc-amigaos/lib/gcc/ppc-amigaos/11.5.0/include-fixed
 /opt/ppc-amigaos/lib/gcc/ppc-amigaos/11.5.0/../../../../ppc-amigaos/include
 /opt/ppc-amigaos/ppc-amigaos/SDK/newlib/include
 /opt/ppc-amigaos/ppc-amigaos/SDK/local/newlib/include
 /opt/ppc-amigaos/ppc-amigaos/SDK/include/include_h
 /opt/ppc-amigaos/ppc-amigaos/SDK/include/netinclude
 /opt/ppc-amigaos/ppc-amigaos/SDK/local/common/include
End of search list.
GNU C17 (adtools build 11.5.0) version 11.5.0 (ppc-amigaos)
	compiled by GNU C version 12.2.0, GMP version 6.2.0, MPFR version 4.0.2, MPC version 1.1.0, isl version none
warning: GMP header version 6.2.0 differs from library version 6.3.0.
warning: MPFR header version 4.0.2 differs from library version 4.1.1-p1.
warning: MPC header version 1.1.0 differs from library version 1.3.1.
GGC heuristics: --param ggc-min-expand=100 --param ggc-min-heapsize=131072
Compiler executable checksum: 431fb4ef971de32aba0096f90f3fd205
COMPILER_PATH=/opt/ppc-amigaos/libexec/gcc/ppc-amigaos/11.5.0/:/opt/ppc-amigaos/libexec/gcc/ppc-amigaos/11.5.0/:/opt/ppc-amigaos/libexec/gcc/ppc-amigaos/:/opt/ppc-amigaos/lib/gcc/ppc-amigaos/11.5.0/:/opt/ppc-amigaos/lib/gcc/ppc-amigaos/:/opt/ppc-amigaos/lib/gcc/ppc-amigaos/11.5.0/../../../../ppc-amigaos/bin/
LIBRARY_PATH=/opt/ppc-amigaos/lib/gcc/ppc-amigaos/11.5.0/:/opt/ppc-amigaos/lib/gcc/ppc-amigaos/11.5.0/../../../../ppc-amigaos/lib/
COLLECT_GCC_OPTIONS='-O2' '-fno-plt' '-pipe' '-ffast-math' '-D' '_ARCH_G3' '-mcpu=G3' '-mno-altivec' '-mstrict-align' '-mcrt=newlib' '-athread=native' '-D' '__amigaos4__' '-D' 'AMIGA' '-D' '__AMIGAOS4__' '-I' '/opt/ppc-amigaos/usr/include' '-v' '-o' 'CMakeFiles/cmTC_f8864.dir/CMakeCCompilerABI.c.obj' '-c' '-dumpdir' 'CMakeFiles/cmTC_f8864.dir/CMakeCCompilerABI.c.'
Linking C executable cmTC_f8864
/usr/bin/cmake -E cmake_link_script CMakeFiles/cmTC_f8864.dir/link.txt --verbose=1
/opt/ppc-amigaos/bin/ppc-amigaos-gcc -O2 -fno-plt -pipe -ffast-math -D_ARCH_G3 -mcpu=G3 -mno-altivec  -mstrict-align -mcrt=newlib -athread=native -D__amigaos4__ -DAMIGA -D__AMIGAOS4__ -I/opt/ppc-amigaos/usr/include  -mcrt=newlib -mstrict-align -lauto -lc -ldl -use-dynld -L/opt/ppc-amigaos/usr/lib  -v CMakeFiles/cmTC_f8864.dir/CMakeCCompilerABI.c.obj -o cmTC_f8864 
Using built-in specs.
COLLECT_GCC=/opt/ppc-amigaos/bin/ppc-amigaos-gcc
COLLECT_LTO_WRAPPER=/opt/ppc-amigaos/libexec/gcc/ppc-amigaos/11.5.0/lto-wrapper
Target: ppc-amigaos
Configured with: /usr/local/src/k/ppc/adtools/gcc/repo/configure --with-bugurl=https://github.com/sba1/adtools/issues --with-pkgversion='adtools build 11.5.0' --target=ppc-amigaos --prefix=/opt/ppc-amigaos --enable-languages=c,c++ --enable-haifa --enable-sjlj-exceptions --disable-libstdcxx-pch --disable-tls --enable-threads=amigaos --enable-lto --disable-c++tools : (reconfigured) /usr/local/src/k/ppc/adtools/gcc/repo/configure --with-bugurl=https://github.com/sba1/adtools/issues --with-pkgversion='adtools build 11.5.0' --target=ppc-amigaos --prefix=/opt/ppc-amigaos --enable-languages=c,c++ --enable-haifa --enable-sjlj-exceptions --disable-libstdcxx-pch --disable-tls --enable-threads=amigaos --enable-lto --disable-c++tools
Thread model: amigaos
Supported LTO compression algorithms: zlib
gcc version 11.5.0 (adtools build 11.5.0) 
COMPILER_PATH=/opt/ppc-amigaos/libexec/gcc/ppc-amigaos/11.5.0/:/opt/ppc-amigaos/libexec/gcc/ppc-amigaos/11.5.0/:/opt/ppc-amigaos/libexec/gcc/ppc-amigaos/:/opt/ppc-amigaos/lib/gcc/ppc-amigaos/11.5.0/:/opt/ppc-amigaos/lib/gcc/ppc-amigaos/:/opt/ppc-amigaos/lib/gcc/ppc-amigaos/11.5.0/../../../../ppc-amigaos/bin/
LIBRARY_PATH=/opt/ppc-amigaos/lib/gcc/ppc-amigaos/11.5.0/:/opt/ppc-amigaos/lib/gcc/ppc-amigaos/11.5.0/../../../../ppc-amigaos/lib/
COLLECT_GCC_OPTIONS='-O2' '-fno-plt' '-pipe' '-ffast-math' '-D' '_ARCH_G3' '-mcpu=G3' '-mno-altivec' '-mcrt=newlib' '-athread=native' '-D' '__amigaos4__' '-D' 'AMIGA' '-D' '__AMIGAOS4__' '-I' '/opt/ppc-amigaos/usr/include' '-mcrt=newlib' '-mstrict-align' '-use-dynld' '-L/opt/ppc-amigaos/usr/lib' '-v' '-o' 'cmTC_f8864' '-dumpdir' 'cmTC_f8864.'
 /opt/ppc-amigaos/libexec/gcc/ppc-amigaos/11.5.0/collect2 -plugin /opt/ppc-amigaos/libexec/gcc/ppc-amigaos/11.5.0/liblto_plugin.so -plugin-opt=/opt/ppc-amigaos/libexec/gcc/ppc-amigaos/11.5.0/lto-wrapper -plugin-opt=-fresolution=/tmp/ccQL0Koe.res -plugin-opt=-pass-through=-lgcc -plugin-opt=-pass-through=-lc -plugin-opt=-pass-through=-lgcc --defsym __amigaos4__=1 -q -d -V -Qy /opt/ppc-amigaos/lib/gcc/ppc-amigaos/11.5.0/gthr-amigaos-native.o -dy -L/opt/ppc-amigaos/ppc-amigaos/SDK/newlib/lib -L/opt/ppc-amigaos/lib/gcc/ppc-amigaos/11.5.0/newlib/lib -L/opt/ppc-amigaos/ppc-amigaos/SDK/local/newlib/lib -L/opt/ppc-amigaos/ppc-amigaos/SDK/local/common/lib -o cmTC_f8864 -use-dynld /opt/ppc-amigaos/ppc-amigaos/SDK/newlib/lib/crtbegin.o -L/opt/ppc-amigaos/usr/lib -L/opt/ppc-amigaos/lib/gcc/ppc-amigaos/11.5.0 -L/opt/ppc-amigaos/lib/gcc/ppc-amigaos/11.5.0/../../../../ppc-amigaos/lib -lauto -lc -ldl CMakeFiles/cmTC_f8864.dir/CMakeCCompilerABI.c.obj -lgcc --start-group -lc --end-group -lgcc /opt/ppc-amigaos/ppc-amigaos/SDK/newlib/lib/crtend.o
GNU ld (GNU Binutils) 2.23.2
  Supported emulations:
   amigaos
   elf32ppc
COLLECT_GCC_OPTIONS='-O2' '-fno-plt' '-pipe' '-ffast-math' '-D' '_ARCH_G3' '-mcpu=G3' '-mno-altivec' '-mcrt=newlib' '-athread=native' '-D' '__amigaos4__' '-D' 'AMIGA' '-D' '__AMIGAOS4__' '-I' '/opt/ppc-amigaos/usr/include' '-mcrt=newlib' '-mstrict-align' '-use-dynld' '-L/opt/ppc-amigaos/usr/lib' '-v' '-o' 'cmTC_f8864' '-dumpdir' 'cmTC_f8864.'
gmake[1]: Leaving directory '/work/wwwwwwwwwwwww/sdl2-compat/build/CMakeFiles/CMakeScratch/TryCompile-egKjeQ'



Parsed C implicit include dir info from above output: rv=done
  found start of include info
  found start of implicit include info
    add: [/opt/ppc-amigaos/lib/gcc/ppc-amigaos/11.5.0/include]
    add: [/opt/ppc-amigaos/lib/gcc/ppc-amigaos/11.5.0/include-fixed]
    add: [/opt/ppc-amigaos/lib/gcc/ppc-amigaos/11.5.0/../../../../ppc-amigaos/include]
    add: [/opt/ppc-amigaos/ppc-amigaos/SDK/newlib/include]
    add: [/opt/ppc-amigaos/ppc-amigaos/SDK/local/newlib/include]
    add: [/opt/ppc-amigaos/ppc-amigaos/SDK/include/include_h]
    add: [/opt/ppc-amigaos/ppc-amigaos/SDK/include/netinclude]
    add: [/opt/ppc-amigaos/ppc-amigaos/SDK/local/common/include]
  end of search list found
  collapse include dir [/opt/ppc-amigaos/lib/gcc/ppc-amigaos/11.5.0/include] ==> [/opt/ppc-amigaos/lib/gcc/ppc-amigaos/11.5.0/include]
  collapse include dir [/opt/ppc-amigaos/lib/gcc/ppc-amigaos/11.5.0/include-fixed] ==> [/opt/ppc-amigaos/lib/gcc/ppc-amigaos/11.5.0/include-fixed]
  collapse include dir [/opt/ppc-amigaos/lib/gcc/ppc-amigaos/11.5.0/../../../../ppc-amigaos/include] ==> [/opt/ppc-amigaos/ppc-amigaos/include]
  collapse include dir [/opt/ppc-amigaos/ppc-amigaos/SDK/newlib/include] ==> [/opt/ppc-amigaos/ppc-amigaos/SDK/newlib/include]
  collapse include dir [/opt/ppc-amigaos/ppc-amigaos/SDK/local/newlib/include] ==> [/opt/ppc-amigaos/ppc-amigaos/SDK/local/newlib/include]
  collapse include dir [/opt/ppc-amigaos/ppc-amigaos/SDK/include/include_h] ==> [/opt/ppc-amigaos/ppc-amigaos/SDK/include/include_h]
  collapse include dir [/opt/ppc-amigaos/ppc-amigaos/SDK/include/netinclude] ==> [/opt/ppc-amigaos/ppc-amigaos/SDK/include/netinclude]
  collapse include dir [/opt/ppc-amigaos/ppc-amigaos/SDK/local/common/include] ==> [/opt/ppc-amigaos/ppc-amigaos/SDK/local/common/include]
  implicit include dirs: [/opt/ppc-amigaos/lib/gcc/ppc-amigaos/11.5.0/include;/opt/ppc-amigaos/lib/gcc/ppc-amigaos/11.5.0/include-fixed;/opt/ppc-amigaos/ppc-amigaos/include;/opt/ppc-amigaos/ppc-amigaos/SDK/newlib/include;/opt/ppc-amigaos/ppc-amigaos/SDK/local/newlib/include;/opt/ppc-amigaos/ppc-amigaos/SDK/include/include_h;/opt/ppc-amigaos/ppc-amigaos/SDK/include/netinclude;/opt/ppc-amigaos/ppc-amigaos/SDK/local/common/include]


Parsed C implicit link information from above output:
  link line regex: [^( *|.*[/\])(ppc-amigaos-ld|CMAKE_LINK_STARTFILE-NOTFOUND|([^/\]+-)?ld|collect2)[^/\]*( |$)]
  ignore line: [Change Dir: /work/wwwwwwwwwwwww/sdl2-compat/build/CMakeFiles/CMakeScratch/TryCompile-egKjeQ]
  ignore line: []
  ignore line: [Run Build Command(s):/usr/bin/gmake -f Makefile cmTC_f8864/fast && /usr/bin/gmake  -f CMakeFiles/cmTC_f8864.dir/build.make CMakeFiles/cmTC_f8864.dir/build]
  ignore line: [gmake[1]: Entering directory '/work/wwwwwwwwwwwww/sdl2-compat/build/CMakeFiles/CMakeScratch/TryCompile-egKjeQ']
  ignore line: [Building C object CMakeFiles/cmTC_f8864.dir/CMakeCCompilerABI.c.obj]
  ignore line: [/opt/ppc-amigaos/bin/ppc-amigaos-gcc   -O2 -fno-plt -pipe -ffast-math -D_ARCH_G3 -mcpu=G3 -mno-altivec  -mstrict-align -mcrt=newlib -athread=native -D__amigaos4__ -DAMIGA -D__AMIGAOS4__ -I/opt/ppc-amigaos/usr/include    -v -o CMakeFiles/cmTC_f8864.dir/CMakeCCompilerABI.c.obj -c /usr/share/cmake-3.25/Modules/CMakeCCompilerABI.c]
  ignore line: [Using built-in specs.]
  ignore line: [COLLECT_GCC=/opt/ppc-amigaos/bin/ppc-amigaos-gcc]
  ignore line: [Target: ppc-amigaos]
  ignore line: [Configured with: /usr/local/src/k/ppc/adtools/gcc/repo/configure --with-bugurl=https://github.com/sba1/adtools/issues --with-pkgversion='adtools build 11.5.0' --target=ppc-amigaos --prefix=/opt/ppc-amigaos --enable-languages=c c++ --enable-haifa --enable-sjlj-exceptions --disable-libstdcxx-pch --disable-tls --enable-threads=amigaos --enable-lto --disable-c++tools : (reconfigured) /usr/local/src/k/ppc/adtools/gcc/repo/configure --with-bugurl=https://github.com/sba1/adtools/issues --with-pkgversion='adtools build 11.5.0' --target=ppc-amigaos --prefix=/opt/ppc-amigaos --enable-languages=c c++ --enable-haifa --enable-sjlj-exceptions --disable-libstdcxx-pch --disable-tls --enable-threads=amigaos --enable-lto --disable-c++tools]
  ignore line: [Thread model: amigaos]
  ignore line: [Supported LTO compression algorithms: zlib]
  ignore line: [gcc version 11.5.0 (adtools build 11.5.0) ]
  ignore line: [COLLECT_GCC_OPTIONS='-O2' '-fno-plt' '-pipe' '-ffast-math' '-D' '_ARCH_G3' '-mcpu=G3' '-mno-altivec' '-mstrict-align' '-mcrt=newlib' '-athread=native' '-D' '__amigaos4__' '-D' 'AMIGA' '-D' '__AMIGAOS4__' '-I' '/opt/ppc-amigaos/usr/include' '-v' '-o' 'CMakeFiles/cmTC_f8864.dir/CMakeCCompilerABI.c.obj' '-c' '-dumpdir' 'CMakeFiles/cmTC_f8864.dir/']
  ignore line: [ /opt/ppc-amigaos/libexec/gcc/ppc-amigaos/11.5.0/cc1 -quiet -v -I /opt/ppc-amigaos/usr/include -idirafter /opt/ppc-amigaos/ppc-amigaos/SDK/newlib/include -idirafter /opt/ppc-amigaos/ppc-amigaos/SDK/local/newlib/include -idirafter /opt/ppc-amigaos/ppc-amigaos/SDK/include/include_h -idirafter /opt/ppc-amigaos/ppc-amigaos/SDK/include/netinclude -idirafter /opt/ppc-amigaos/ppc-amigaos/SDK/local/common/include -D _ARCH_G3 -D __amigaos4__ -D AMIGA -D __AMIGAOS4__ /usr/share/cmake-3.25/Modules/CMakeCCompilerABI.c -quiet -dumpdir CMakeFiles/cmTC_f8864.dir/ -dumpbase CMakeCCompilerABI.c.c -dumpbase-ext .c -mcpu=G3 -mno-altivec -mstrict-align -mcrt=newlib -O2 -version -fno-plt -ffast-math -o - |]
  ignore line: [ /opt/ppc-amigaos/lib/gcc/ppc-amigaos/11.5.0/../../../../ppc-amigaos/bin/as --traditional-format -mppc -mbig -o CMakeFiles/cmTC_f8864.dir/CMakeCCompilerABI.c.obj]
  ignore line: [GNU C17 (adtools build 11.5.0) version 11.5.0 (ppc-amigaos)]
  ignore line: [	compiled by GNU C version 12.2.0  GMP version 6.2.0  MPFR version 4.0.2  MPC version 1.1.0  isl version none]
  ignore line: [warning: GMP header version 6.2.0 differs from library version 6.3.0.]
  ignore line: [warning: MPFR header version 4.0.2 differs from library version 4.1.1-p1.]
  ignore line: [warning: MPC header version 1.1.0 differs from library version 1.3.1.]
  ignore line: [GGC heuristics: --param ggc-min-expand=100 --param ggc-min-heapsize=131072]
  ignore line: [ignoring nonexistent directory "/opt/ppc-amigaos/lib/gcc/ppc-amigaos/11.5.0/../../../../ppc-amigaos/sys-include"]
  ignore line: [ignoring duplicate directory "/opt/ppc-amigaos/usr/include"]
  ignore line: [  as it is a non-system directory that duplicates a system directory]
  ignore line: [#include "..." search starts here:]
  ignore line: [#include <...> search starts here:]
  ignore line: [ /opt/ppc-amigaos/lib/gcc/ppc-amigaos/11.5.0/include]
  ignore line: [ /opt/ppc-amigaos/lib/gcc/ppc-amigaos/11.5.0/include-fixed]
  ignore line: [ /opt/ppc-amigaos/lib/gcc/ppc-amigaos/11.5.0/../../../../ppc-amigaos/include]
  ignore line: [ /opt/ppc-amigaos/ppc-amigaos/SDK/newlib/include]
  ignore line: [ /opt/ppc-amigaos/ppc-amigaos/SDK/local/newlib/include]
  ignore line: [ /opt/ppc-amigaos/ppc-amigaos/SDK/include/include_h]
  ignore line: [ /opt/ppc-amigaos/ppc-amigaos/SDK/include/netinclude]
  ignore line: [ /opt/ppc-amigaos/ppc-amigaos/SDK/local/common/include]
  ignore line: [End of search list.]
  ignore line: [GNU C17 (adtools build 11.5.0) version 11.5.0 (ppc-amigaos)]
  ignore line: [	compiled by GNU C version 12.2.0  GMP version 6.2.0  MPFR version 4.0.2  MPC version 1.1.0  isl version none]
  ignore line: [warning: GMP header version 6.2.0 differs from library version 6.3.0.]
  ignore line: [warning: MPFR header version 4.0.2 differs from library version 4.1.1-p1.]
  ignore line: [warning: MPC header version 1.1.0 differs from library version 1.3.1.]
  ignore line: [GGC heuristics: --param ggc-min-expand=100 --param ggc-min-heapsize=131072]
  ignore line: [Compiler executable checksum: 431fb4ef971de32aba0096f90f3fd205]
  ignore line: [COMPILER_PATH=/opt/ppc-amigaos/libexec/gcc/ppc-amigaos/11.5.0/:/opt/ppc-amigaos/libexec/gcc/ppc-amigaos/11.5.0/:/opt/ppc-amigaos/libexec/gcc/ppc-amigaos/:/opt/ppc-amigaos/lib/gcc/ppc-amigaos/11.5.0/:/opt/ppc-amigaos/lib/gcc/ppc-amigaos/:/opt/ppc-amigaos/lib/gcc/ppc-amigaos/11.5.0/../../../../ppc-amigaos/bin/]
  ignore line: [LIBRARY_PATH=/opt/ppc-amigaos/lib/gcc/ppc-amigaos/11.5.0/:/opt/ppc-amigaos/lib/gcc/ppc-amigaos/11.5.0/../../../../ppc-amigaos/lib/]
  ignore line: [COLLECT_GCC_OPTIONS='-O2' '-fno-plt' '-pipe' '-ffast-math' '-D' '_ARCH_G3' '-mcpu=G3' '-mno-altivec' '-mstrict-align' '-mcrt=newlib' '-athread=native' '-D' '__amigaos4__' '-D' 'AMIGA' '-D' '__AMIGAOS4__' '-I' '/opt/ppc-amigaos/usr/include' '-v' '-o' 'CMakeFiles/cmTC_f8864.dir/CMakeCCompilerABI.c.obj' '-c' '-dumpdir' 'CMakeFiles/cmTC_f8864.dir/CMakeCCompilerABI.c.']
  ignore line: [Linking C executable cmTC_f8864]
  ignore line: [/usr/bin/cmake -E cmake_link_script CMakeFiles/cmTC_f8864.dir/link.txt --verbose=1]
  ignore line: [/opt/ppc-amigaos/bin/ppc-amigaos-gcc -O2 -fno-plt -pipe -ffast-math -D_ARCH_G3 -mcpu=G3 -mno-altivec  -mstrict-align -mcrt=newlib -athread=native -D__amigaos4__ -DAMIGA -D__AMIGAOS4__ -I/opt/ppc-amigaos/usr/include  -mcrt=newlib -mstrict-align -lauto -lc -ldl -use-dynld -L/opt/ppc-amigaos/usr/lib  -v CMakeFiles/cmTC_f8864.dir/CMakeCCompilerABI.c.obj -o cmTC_f8864 ]
  ignore line: [Using built-in specs.]
  ignore line: [COLLECT_GCC=/opt/ppc-amigaos/bin/ppc-amigaos-gcc]
  ignore line: [COLLECT_LTO_WRAPPER=/opt/ppc-amigaos/libexec/gcc/ppc-amigaos/11.5.0/lto-wrapper]
  ignore line: [Target: ppc-amigaos]
  ignore line: [Configured with: /usr/local/src/k/ppc/adtools/gcc/repo/configure --with-bugurl=https://github.com/sba1/adtools/issues --with-pkgversion='adtools build 11.5.0' --target=ppc-amigaos --prefix=/opt/ppc-amigaos --enable-languages=c c++ --enable-haifa --enable-sjlj-exceptions --disable-libstdcxx-pch --disable-tls --enable-threads=amigaos --enable-lto --disable-c++tools : (reconfigured) /usr/local/src/k/ppc/adtools/gcc/repo/configure --with-bugurl=https://github.com/sba1/adtools/issues --with-pkgversion='adtools build 11.5.0' --target=ppc-amigaos --prefix=/opt/ppc-amigaos --enable-languages=c c++ --enable-haifa --enable-sjlj-exceptions --disable-libstdcxx-pch --disable-tls --enable-threads=amigaos --enable-lto --disable-c++tools]
  ignore line: [Thread model: amigaos]
  ignore line: [Supported LTO compression algorithms: zlib]
  ignore line: [gcc version 11.5.0 (adtools build 11.5.0) ]
  ignore line: [COMPILER_PATH=/opt/ppc-amigaos/libexec/gcc/ppc-amigaos/11.5.0/:/opt/ppc-amigaos/libexec/gcc/ppc-amigaos/11.5.0/:/opt/ppc-amigaos/libexec/gcc/ppc-amigaos/:/opt/ppc-amigaos/lib/gcc/ppc-amigaos/11.5.0/:/opt/ppc-amigaos/lib/gcc/ppc-amigaos/:/opt/ppc-amigaos/lib/gcc/ppc-amigaos/11.5.0/../../../../ppc-amigaos/bin/]
  ignore line: [LIBRARY_PATH=/opt/ppc-amigaos/lib/gcc/ppc-amigaos/11.5.0/:/opt/ppc-amigaos/lib/gcc/ppc-amigaos/11.5.0/../../../../ppc-amigaos/lib/]
  ignore line: [COLLECT_GCC_OPTIONS='-O2' '-fno-plt' '-pipe' '-ffast-math' '-D' '_ARCH_G3' '-mcpu=G3' '-mno-altivec' '-mcrt=newlib' '-athread=native' '-D' '__amigaos4__' '-D' 'AMIGA' '-D' '__AMIGAOS4__' '-I' '/opt/ppc-amigaos/usr/include' '-mcrt=newlib' '-mstrict-align' '-use-dynld' '-L/opt/ppc-amigaos/usr/lib' '-v' '-o' 'cmTC_f8864' '-dumpdir' 'cmTC_f8864.']
  link line: [ /opt/ppc-amigaos/libexec/gcc/ppc-amigaos/11.5.0/collect2 -plugin /opt/ppc-amigaos/libexec/gcc/ppc-amigaos/11.5.0/liblto_plugin.so -plugin-opt=/opt/ppc-amigaos/libexec/gcc/ppc-amigaos/11.5.0/lto-wrapper -plugin-opt=-fresolution=/tmp/ccQL0Koe.res -plugin-opt=-pass-through=-lgcc -plugin-opt=-pass-through=-lc -plugin-opt=-pass-through=-lgcc --defsym __amigaos4__=1 -q -d -V -Qy /opt/ppc-amigaos/lib/gcc/ppc-amigaos/11.5.0/gthr-amigaos-native.o -dy -L/opt/ppc-amigaos/ppc-amigaos/SDK/newlib/lib -L/opt/ppc-amigaos/lib/gcc/ppc-amigaos/11.5.0/newlib/lib -L/opt/ppc-amigaos/ppc-amigaos/SDK/local/newlib/lib -L/opt/ppc-amigaos/ppc-amigaos/SDK/local/common/lib -o cmTC_f8864 -use-dynld /opt/ppc-amigaos/ppc-amigaos/SDK/newlib/lib/crtbegin.o -L/opt/ppc-amigaos/usr/lib -L/opt/ppc-amigaos/lib/gcc/ppc-amigaos/11.5.0 -L/opt/ppc-amigaos/lib/gcc/ppc-amigaos/11.5.0/../../../../ppc-amigaos/lib -lauto -lc -ldl CMakeFiles/cmTC_f8864.dir/CMakeCCompilerABI.c.obj -lgcc --start-group -lc --end-group -lgcc /opt/ppc-amigaos/ppc-amigaos/SDK/newlib/lib/crtend.o]
    arg [/opt/ppc-amigaos/libexec/gcc/ppc-amigaos/11.5.0/collect2] ==> ignore
    arg [-plugin] ==> ignore
    arg [/opt/ppc-amigaos/libexec/gcc/ppc-amigaos/11.5.0/liblto_plugin.so] ==> ignore
    arg [-plugin-opt=/opt/ppc-amigaos/libexec/gcc/ppc-amigaos/11.5.0/lto-wrapper] ==> ignore
    arg [-plugin-opt=-fresolution=/tmp/ccQL0Koe.res] ==> ignore
    arg [-plugin-opt=-pass-through=-lgcc] ==> ignore
    arg [-plugin-opt=-pass-through=-lc] ==> ignore
    arg [-plugin-opt=-pass-through=-lgcc] ==> ignore
    arg [--defsym] ==> ignore
    arg [__amigaos4__=1] ==> ignore
    arg [-q] ==> ignore
    arg [-d] ==> ignore
    arg [-V] ==> ignore
    arg [-Qy] ==> ignore
    arg [/opt/ppc-amigaos/lib/gcc/ppc-amigaos/11.5.0/gthr-amigaos-native.o] ==> obj [/opt/ppc-amigaos/lib/gcc/ppc-amigaos/11.5.0/gthr-amigaos-native.o]
    arg [-dy] ==> ignore
    arg [-L/opt/ppc-amigaos/ppc-amigaos/SDK/newlib/lib] ==> dir [/opt/ppc-amigaos/ppc-amigaos/SDK/newlib/lib]
    arg [-L/opt/ppc-amigaos/lib/gcc/ppc-amigaos/11.5.0/newlib/lib] ==> dir [/opt/ppc-amigaos/lib/gcc/ppc-amigaos/11.5.0/newlib/lib]
    arg [-L/opt/ppc-amigaos/ppc-amigaos/SDK/local/newlib/lib] ==> dir [/opt/ppc-amigaos/ppc-amigaos/SDK/local/newlib/lib]
    arg [-L/opt/ppc-amigaos/ppc-amigaos/SDK/local/common/lib] ==> dir [/opt/ppc-amigaos/ppc-amigaos/SDK/local/common/lib]
    arg [-o] ==> ignore
    arg [cmTC_f8864] ==> ignore
    arg [-use-dynld] ==> ignore
    arg [/opt/ppc-amigaos/ppc-amigaos/SDK/newlib/lib/crtbegin.o] ==> obj [/opt/ppc-amigaos/ppc-amigaos/SDK/newlib/lib/crtbegin.o]
    arg [-L/opt/ppc-amigaos/usr/lib] ==> dir [/opt/ppc-amigaos/usr/lib]
    arg [-L/opt/ppc-amigaos/lib/gcc/ppc-amigaos/11.5.0] ==> dir [/opt/ppc-amigaos/lib/gcc/ppc-amigaos/11.5.0]
    arg [-L/opt/ppc-amigaos/lib/gcc/ppc-amigaos/11.5.0/../../../../ppc-amigaos/lib] ==> dir [/opt/ppc-amigaos/lib/gcc/ppc-amigaos/11.5.0/../../../../ppc-amigaos/lib]
    arg [-lauto] ==> lib [auto]
    arg [-lc] ==> lib [c]
    arg [-ldl] ==> lib [dl]
    arg [CMakeFiles/cmTC_f8864.dir/CMakeCCompilerABI.c.obj] ==> ignore
    arg [-lgcc] ==> lib [gcc]
    arg [--start-group] ==> ignore
    arg [-lc] ==> lib [c]
    arg [--end-group] ==> ignore
    arg [-lgcc] ==> lib [gcc]
    arg [/opt/ppc-amigaos/ppc-amigaos/SDK/newlib/lib/crtend.o] ==> obj [/opt/ppc-amigaos/ppc-amigaos/SDK/newlib/lib/crtend.o]
  collapse library dir [/opt/ppc-amigaos/ppc-amigaos/SDK/newlib/lib] ==> [/opt/ppc-amigaos/ppc-amigaos/SDK/newlib/lib]
  collapse library dir [/opt/ppc-amigaos/lib/gcc/ppc-amigaos/11.5.0/newlib/lib] ==> [/opt/ppc-amigaos/lib/gcc/ppc-amigaos/11.5.0/newlib/lib]
  collapse library dir [/opt/ppc-amigaos/ppc-amigaos/SDK/local/newlib/lib] ==> [/opt/ppc-amigaos/ppc-amigaos/SDK/local/newlib/lib]
  collapse library dir [/opt/ppc-amigaos/ppc-amigaos/SDK/local/common/lib] ==> [/opt/ppc-amigaos/ppc-amigaos/SDK/local/common/lib]
  collapse library dir [/opt/ppc-amigaos/usr/lib] ==> [/opt/ppc-amigaos/usr/lib]
  collapse library dir [/opt/ppc-amigaos/lib/gcc/ppc-amigaos/11.5.0] ==> [/opt/ppc-amigaos/lib/gcc/ppc-amigaos/11.5.0]
  collapse library dir [/opt/ppc-amigaos/lib/gcc/ppc-amigaos/11.5.0/../../../../ppc-amigaos/lib] ==> [/opt/ppc-amigaos/ppc-amigaos/lib]
  implicit libs: [auto;c;dl;gcc;c;gcc]
  implicit objs: [/opt/ppc-amigaos/lib/gcc/ppc-amigaos/11.5.0/gthr-amigaos-native.o;/opt/ppc-amigaos/ppc-amigaos/SDK/newlib/lib/crtbegin.o;/opt/ppc-amigaos/ppc-amigaos/SDK/newlib/lib/crtend.o]
  implicit dirs: [/opt/ppc-amigaos/ppc-amigaos/SDK/newlib/lib;/opt/ppc-amigaos/lib/gcc/ppc-amigaos/11.5.0/newlib/lib;/opt/ppc-amigaos/ppc-amigaos/SDK/local/newlib/lib;/opt/ppc-amigaos/ppc-amigaos/SDK/local/common/lib;/opt/ppc-amigaos/usr/lib;/opt/ppc-amigaos/lib/gcc/ppc-amigaos/11.5.0;/opt/ppc-amigaos/ppc-amigaos/lib]
  implicit fwks: []


Performing C SOURCE FILE Test HAVE_OPENGLES_V2 succeeded with the following output:
Change Dir: /work/wwwwwwwwwwwww/sdl2-compat/build/CMakeFiles/CMakeScratch/TryCompile-pw7vcr

Run Build Command(s):/usr/bin/gmake -f Makefile cmTC_764b0/fast && /usr/bin/gmake  -f CMakeFiles/cmTC_764b0.dir/build.make CMakeFiles/cmTC_764b0.dir/build
gmake[1]: Entering directory '/work/wwwwwwwwwwwww/sdl2-compat/build/CMakeFiles/CMakeScratch/TryCompile-pw7vcr'
Building C object CMakeFiles/cmTC_764b0.dir/src.c.obj
/opt/ppc-amigaos/bin/ppc-amigaos-gcc -DHAVE_OPENGLES_V2  -O2 -fno-plt -pipe -ffast-math -D_ARCH_G3 -mcpu=G3 -mno-altivec  -mstrict-align -mcrt=newlib -athread=native -D__amigaos4__ -DAMIGA -D__AMIGAOS4__ -I/opt/ppc-amigaos/usr/include  -o CMakeFiles/cmTC_764b0.dir/src.c.obj -c /work/wwwwwwwwwwwww/sdl2-compat/build/CMakeFiles/CMakeScratch/TryCompile-pw7vcr/src.c
Linking C executable cmTC_764b0
/usr/bin/cmake -E cmake_link_script CMakeFiles/cmTC_764b0.dir/link.txt --verbose=1
/opt/ppc-amigaos/bin/ppc-amigaos-gcc -O2 -fno-plt -pipe -ffast-math -D_ARCH_G3 -mcpu=G3 -mno-altivec  -mstrict-align -mcrt=newlib -athread=native -D__amigaos4__ -DAMIGA -D__AMIGAOS4__ -I/opt/ppc-amigaos/usr/include  -mcrt=newlib -mstrict-align -lauto -lc -ldl -use-dynld -L/opt/ppc-amigaos/usr/lib   CMakeFiles/cmTC_764b0.dir/src.c.obj -o cmTC_764b0 
gmake[1]: Leaving directory '/work/wwwwwwwwwwwww/sdl2-compat/build/CMakeFiles/CMakeScratch/TryCompile-pw7vcr'


Source file was:

      #include <GLES2/gl2.h>
      #include <GLES2/gl2ext.h>
      int main (int argc, char** argv) { return 0; }

Performing C SOURCE FILE Test HAVE_NO_UNDEFINED succeeded with the following output:
Change Dir: /work/wwwwwwwwwwwww/sdl2-compat/build/CMakeFiles/CMakeScratch/TryCompile-Osdxr9

Run Build Command(s):/usr/bin/gmake -f Makefile cmTC_339ad/fast && /usr/bin/gmake  -f CMakeFiles/cmTC_339ad.dir/build.make CMakeFiles/cmTC_339ad.dir/build
gmake[1]: Entering directory '/work/wwwwwwwwwwwww/sdl2-compat/build/CMakeFiles/CMakeScratch/TryCompile-Osdxr9'
Building C object CMakeFiles/cmTC_339ad.dir/src.c.obj
/opt/ppc-amigaos/bin/ppc-amigaos-gcc -DHAVE_NO_UNDEFINED  -O2 -fno-plt -pipe -ffast-math -D_ARCH_G3 -mcpu=G3 -mno-altivec  -mstrict-align -mcrt=newlib -athread=native -D__amigaos4__ -DAMIGA -D__AMIGAOS4__ -I/opt/ppc-amigaos/usr/include -Wl,--no-undefined -o CMakeFiles/cmTC_339ad.dir/src.c.obj -c /work/wwwwwwwwwwwww/sdl2-compat/build/CMakeFiles/CMakeScratch/TryCompile-Osdxr9/src.c
Linking C executable cmTC_339ad
/usr/bin/cmake -E cmake_link_script CMakeFiles/cmTC_339ad.dir/link.txt --verbose=1
/opt/ppc-amigaos/bin/ppc-amigaos-gcc -O2 -fno-plt -pipe -ffast-math -D_ARCH_G3 -mcpu=G3 -mno-altivec  -mstrict-align -mcrt=newlib -athread=native -D__amigaos4__ -DAMIGA -D__AMIGAOS4__ -I/opt/ppc-amigaos/usr/include -Wl,--no-undefined -mcrt=newlib -mstrict-align -lauto -lc -ldl -use-dynld -L/opt/ppc-amigaos/usr/lib   CMakeFiles/cmTC_339ad.dir/src.c.obj -o cmTC_339ad 
gmake[1]: Leaving directory '/work/wwwwwwwwwwwww/sdl2-compat/build/CMakeFiles/CMakeScratch/TryCompile-Osdxr9'


Source file was:
int main(void) { return 0; }

Performing C SOURCE FILE Test HAVE_GCC_WALL succeeded with the following output:
Change Dir: /work/wwwwwwwwwwwww/sdl2-compat/build/CMakeFiles/CMakeScratch/TryCompile-jP81j4

Run Build Command(s):/usr/bin/gmake -f Makefile cmTC_ee4b1/fast && /usr/bin/gmake  -f CMakeFiles/cmTC_ee4b1.dir/build.make CMakeFiles/cmTC_ee4b1.dir/build
gmake[1]: Entering directory '/work/wwwwwwwwwwwww/sdl2-compat/build/CMakeFiles/CMakeScratch/TryCompile-jP81j4'
Building C object CMakeFiles/cmTC_ee4b1.dir/src.c.obj
/opt/ppc-amigaos/bin/ppc-amigaos-gcc -DHAVE_GCC_WALL  -O2 -fno-plt -pipe -ffast-math -D_ARCH_G3 -mcpu=G3 -mno-altivec  -mstrict-align -mcrt=newlib -athread=native -D__amigaos4__ -DAMIGA -D__AMIGAOS4__ -I/opt/ppc-amigaos/usr/include    -Wall -o CMakeFiles/cmTC_ee4b1.dir/src.c.obj -c /work/wwwwwwwwwwwww/sdl2-compat/build/CMakeFiles/CMakeScratch/TryCompile-jP81j4/src.c
Linking C executable cmTC_ee4b1
/usr/bin/cmake -E cmake_link_script CMakeFiles/cmTC_ee4b1.dir/link.txt --verbose=1
/opt/ppc-amigaos/bin/ppc-amigaos-gcc -O2 -fno-plt -pipe -ffast-math -D_ARCH_G3 -mcpu=G3 -mno-altivec  -mstrict-align -mcrt=newlib -athread=native -D__amigaos4__ -DAMIGA -D__AMIGAOS4__ -I/opt/ppc-amigaos/usr/include  -mcrt=newlib -mstrict-align -lauto -lc -ldl -use-dynld -L/opt/ppc-amigaos/usr/lib  -Wl,--no-undefined  CMakeFiles/cmTC_ee4b1.dir/src.c.obj -o cmTC_ee4b1 
gmake[1]: Leaving directory '/work/wwwwwwwwwwwww/sdl2-compat/build/CMakeFiles/CMakeScratch/TryCompile-jP81j4'


Source file was:
int main(void) { return 0; }

Performing C SOURCE FILE Test HAVE_GCC_WUNDEF succeeded with the following output:
Change Dir: /work/wwwwwwwwwwwww/sdl2-compat/build/CMakeFiles/CMakeScratch/TryCompile-L427Ad

Run Build Command(s):/usr/bin/gmake -f Makefile cmTC_0cf37/fast && /usr/bin/gmake  -f CMakeFiles/cmTC_0cf37.dir/build.make CMakeFiles/cmTC_0cf37.dir/build
gmake[1]: Entering directory '/work/wwwwwwwwwwwww/sdl2-compat/build/CMakeFiles/CMakeScratch/TryCompile-L427Ad'
Building C object CMakeFiles/cmTC_0cf37.dir/src.c.obj
/opt/ppc-amigaos/bin/ppc-amigaos-gcc -DHAVE_GCC_WUNDEF  -O2 -fno-plt -pipe -ffast-math -D_ARCH_G3 -mcpu=G3 -mno-altivec  -mstrict-align -mcrt=newlib -athread=native -D__amigaos4__ -DAMIGA -D__AMIGAOS4__ -I/opt/ppc-amigaos/usr/include    -Wundef -o CMakeFiles/cmTC_0cf37.dir/src.c.obj -c /work/wwwwwwwwwwwww/sdl2-compat/build/CMakeFiles/CMakeScratch/TryCompile-L427Ad/src.c
Linking C executable cmTC_0cf37
/usr/bin/cmake -E cmake_link_script CMakeFiles/cmTC_0cf37.dir/link.txt --verbose=1
/opt/ppc-amigaos/bin/ppc-amigaos-gcc -O2 -fno-plt -pipe -ffast-math -D_ARCH_G3 -mcpu=G3 -mno-altivec  -mstrict-align -mcrt=newlib -athread=native -D__amigaos4__ -DAMIGA -D__AMIGAOS4__ -I/opt/ppc-amigaos/usr/include  -mcrt=newlib -mstrict-align -lauto -lc -ldl -use-dynld -L/opt/ppc-amigaos/usr/lib  -Wl,--no-undefined  CMakeFiles/cmTC_0cf37.dir/src.c.obj -o cmTC_0cf37 
gmake[1]: Leaving directory '/work/wwwwwwwwwwwww/sdl2-compat/build/CMakeFiles/CMakeScratch/TryCompile-L427Ad'


Source file was:
int main(void) { return 0; }

Performing C SOURCE FILE Test HAVE_GCC_WSHADOW succeeded with the following output:
Change Dir: /work/wwwwwwwwwwwww/sdl2-compat/build/CMakeFiles/CMakeScratch/TryCompile-wA0m31

Run Build Command(s):/usr/bin/gmake -f Makefile cmTC_8aee1/fast && /usr/bin/gmake  -f CMakeFiles/cmTC_8aee1.dir/build.make CMakeFiles/cmTC_8aee1.dir/build
gmake[1]: Entering directory '/work/wwwwwwwwwwwww/sdl2-compat/build/CMakeFiles/CMakeScratch/TryCompile-wA0m31'
Building C object CMakeFiles/cmTC_8aee1.dir/src.c.obj
/opt/ppc-amigaos/bin/ppc-amigaos-gcc -DHAVE_GCC_WSHADOW  -O2 -fno-plt -pipe -ffast-math -D_ARCH_G3 -mcpu=G3 -mno-altivec  -mstrict-align -mcrt=newlib -athread=native -D__amigaos4__ -DAMIGA -D__AMIGAOS4__ -I/opt/ppc-amigaos/usr/include    -Wshadow -o CMakeFiles/cmTC_8aee1.dir/src.c.obj -c /work/wwwwwwwwwwwww/sdl2-compat/build/CMakeFiles/CMakeScratch/TryCompile-wA0m31/src.c
Linking C executable cmTC_8aee1
/usr/bin/cmake -E cmake_link_script CMakeFiles/cmTC_8aee1.dir/link.txt --verbose=1
/opt/ppc-amigaos/bin/ppc-amigaos-gcc -O2 -fno-plt -pipe -ffast-math -D_ARCH_G3 -mcpu=G3 -mno-altivec  -mstrict-align -mcrt=newlib -athread=native -D__amigaos4__ -DAMIGA -D__AMIGAOS4__ -I/opt/ppc-amigaos/usr/include  -mcrt=newlib -mstrict-align -lauto -lc -ldl -use-dynld -L/opt/ppc-amigaos/usr/lib  -Wl,--no-undefined  CMakeFiles/cmTC_8aee1.dir/src.c.obj -o cmTC_8aee1 
gmake[1]: Leaving directory '/work/wwwwwwwwwwwww/sdl2-compat/build/CMakeFiles/CMakeScratch/TryCompile-wA0m31'


Source file was:
int main(void) { return 0; }

Performing C SOURCE FILE Test HAVE_GCC_WUNUSED_LOCAL_TYPEDEFS succeeded with the following output:
Change Dir: /work/wwwwwwwwwwwww/sdl2-compat/build/CMakeFiles/CMakeScratch/TryCompile-1ROlG6

Run Build Command(s):/usr/bin/gmake -f Makefile cmTC_08b7c/fast && /usr/bin/gmake  -f CMakeFiles/cmTC_08b7c.dir/build.make CMakeFiles/cmTC_08b7c.dir/build
gmake[1]: Entering directory '/work/wwwwwwwwwwwww/sdl2-compat/build/CMakeFiles/CMakeScratch/TryCompile-1ROlG6'
Building C object CMakeFiles/cmTC_08b7c.dir/src.c.obj
/opt/ppc-amigaos/bin/ppc-amigaos-gcc -DHAVE_GCC_WUNUSED_LOCAL_TYPEDEFS  -O2 -fno-plt -pipe -ffast-math -D_ARCH_G3 -mcpu=G3 -mno-altivec  -mstrict-align -mcrt=newlib -athread=native -D__amigaos4__ -DAMIGA -D__AMIGAOS4__ -I/opt/ppc-amigaos/usr/include    -Wunused-local-typedefs -o CMakeFiles/cmTC_08b7c.dir/src.c.obj -c /work/wwwwwwwwwwwww/sdl2-compat/build/CMakeFiles/CMakeScratch/TryCompile-1ROlG6/src.c
Linking C executable cmTC_08b7c
/usr/bin/cmake -E cmake_link_script CMakeFiles/cmTC_08b7c.dir/link.txt --verbose=1
/opt/ppc-amigaos/bin/ppc-amigaos-gcc -O2 -fno-plt -pipe -ffast-math -D_ARCH_G3 -mcpu=G3 -mno-altivec  -mstrict-align -mcrt=newlib -athread=native -D__amigaos4__ -DAMIGA -D__AMIGAOS4__ -I/opt/ppc-amigaos/usr/include  -mcrt=newlib -mstrict-align -lauto -lc -ldl -use-dynld -L/opt/ppc-amigaos/usr/lib  -Wl,--no-undefined  CMakeFiles/cmTC_08b7c.dir/src.c.obj -o cmTC_08b7c 
gmake[1]: Leaving directory '/work/wwwwwwwwwwwww/sdl2-compat/build/CMakeFiles/CMakeScratch/TryCompile-1ROlG6'


Source file was:
int main(void) { return 0; }

Performing C SOURCE FILE Test COMPILER_SUPPORTS_FDIAGNOSTICS_COLOR_ALWAYS succeeded with the following output:
Change Dir: /work/wwwwwwwwwwwww/sdl2-compat/build/CMakeFiles/CMakeScratch/TryCompile-XBiQQf

Run Build Command(s):/usr/bin/gmake -f Makefile cmTC_71909/fast && /usr/bin/gmake  -f CMakeFiles/cmTC_71909.dir/build.make CMakeFiles/cmTC_71909.dir/build
gmake[1]: Entering directory '/work/wwwwwwwwwwwww/sdl2-compat/build/CMakeFiles/CMakeScratch/TryCompile-XBiQQf'
Building C object CMakeFiles/cmTC_71909.dir/src.c.obj
/opt/ppc-amigaos/bin/ppc-amigaos-gcc -DCOMPILER_SUPPORTS_FDIAGNOSTICS_COLOR_ALWAYS  -O2 -fno-plt -pipe -ffast-math -D_ARCH_G3 -mcpu=G3 -mno-altivec  -mstrict-align -mcrt=newlib -athread=native -D__amigaos4__ -DAMIGA -D__AMIGAOS4__ -I/opt/ppc-amigaos/usr/include    -fdiagnostics-color=always -o CMakeFiles/cmTC_71909.dir/src.c.obj -c /work/wwwwwwwwwwwww/sdl2-compat/build/CMakeFiles/CMakeScratch/TryCompile-XBiQQf/src.c
Linking C executable cmTC_71909
/usr/bin/cmake -E cmake_link_script CMakeFiles/cmTC_71909.dir/link.txt --verbose=1
/opt/ppc-amigaos/bin/ppc-amigaos-gcc -O2 -fno-plt -pipe -ffast-math -D_ARCH_G3 -mcpu=G3 -mno-altivec  -mstrict-align -mcrt=newlib -athread=native -D__amigaos4__ -DAMIGA -D__AMIGAOS4__ -I/opt/ppc-amigaos/usr/include  -mcrt=newlib -mstrict-align -lauto -lc -ldl -use-dynld -L/opt/ppc-amigaos/usr/lib  -Wl,--no-undefined  CMakeFiles/cmTC_71909.dir/src.c.obj -o cmTC_71909 
gmake[1]: Leaving directory '/work/wwwwwwwwwwwww/sdl2-compat/build/CMakeFiles/CMakeScratch/TryCompile-XBiQQf'


Source file was:
int main(void) { return 0; }

Performing C SOURCE FILE Test HAVE_FVISIBILITY_HIDDEN succeeded with the following output:
Change Dir: /work/wwwwwwwwwwwww/sdl2-compat/build/CMakeFiles/CMakeScratch/TryCompile-ldxnfU

Run Build Command(s):/usr/bin/gmake -f Makefile cmTC_0c681/fast && /usr/bin/gmake  -f CMakeFiles/cmTC_0c681.dir/build.make CMakeFiles/cmTC_0c681.dir/build
gmake[1]: Entering directory '/work/wwwwwwwwwwwww/sdl2-compat/build/CMakeFiles/CMakeScratch/TryCompile-ldxnfU'
Building C object CMakeFiles/cmTC_0c681.dir/src.c.obj
/opt/ppc-amigaos/bin/ppc-amigaos-gcc -DHAVE_FVISIBILITY_HIDDEN  -O2 -fno-plt -pipe -ffast-math -D_ARCH_G3 -mcpu=G3 -mno-altivec  -mstrict-align -mcrt=newlib -athread=native -D__amigaos4__ -DAMIGA -D__AMIGAOS4__ -I/opt/ppc-amigaos/usr/include    -fvisibility=hidden -o CMakeFiles/cmTC_0c681.dir/src.c.obj -c /work/wwwwwwwwwwwww/sdl2-compat/build/CMakeFiles/CMakeScratch/TryCompile-ldxnfU/src.c
Linking C executable cmTC_0c681
/usr/bin/cmake -E cmake_link_script CMakeFiles/cmTC_0c681.dir/link.txt --verbose=1
/opt/ppc-amigaos/bin/ppc-amigaos-gcc -O2 -fno-plt -pipe -ffast-math -D_ARCH_G3 -mcpu=G3 -mno-altivec  -mstrict-align -mcrt=newlib -athread=native -D__amigaos4__ -DAMIGA -D__AMIGAOS4__ -I/opt/ppc-amigaos/usr/include  -mcrt=newlib -mstrict-align -lauto -lc -ldl -use-dynld -L/opt/ppc-amigaos/usr/lib  -Wl,--no-undefined  CMakeFiles/cmTC_0c681.dir/src.c.obj -o cmTC_0c681 
gmake[1]: Leaving directory '/work/wwwwwwwwwwwww/sdl2-compat/build/CMakeFiles/CMakeScratch/TryCompile-ldxnfU'


Source file was:
int main(void) { return 0; }

Performing C SOURCE FILE Test HAVE_WDECLARATION_AFTER_STATEMENT succeeded with the following output:
Change Dir: /work/wwwwwwwwwwwww/sdl2-compat/build/CMakeFiles/CMakeScratch/TryCompile-CGQL4n

Run Build Command(s):/usr/bin/gmake -f Makefile cmTC_bbf61/fast && /usr/bin/gmake  -f CMakeFiles/cmTC_bbf61.dir/build.make CMakeFiles/cmTC_bbf61.dir/build
gmake[1]: Entering directory '/work/wwwwwwwwwwwww/sdl2-compat/build/CMakeFiles/CMakeScratch/TryCompile-CGQL4n'
Building C object CMakeFiles/cmTC_bbf61.dir/src.c.obj
/opt/ppc-amigaos/bin/ppc-amigaos-gcc -DHAVE_WDECLARATION_AFTER_STATEMENT  -O2 -fno-plt -pipe -ffast-math -D_ARCH_G3 -mcpu=G3 -mno-altivec  -mstrict-align -mcrt=newlib -athread=native -D__amigaos4__ -DAMIGA -D__AMIGAOS4__ -I/opt/ppc-amigaos/usr/include    -Wdeclaration-after-statement -o CMakeFiles/cmTC_bbf61.dir/src.c.obj -c /work/wwwwwwwwwwwww/sdl2-compat/build/CMakeFiles/CMakeScratch/TryCompile-CGQL4n/src.c
Linking C executable cmTC_bbf61
/usr/bin/cmake -E cmake_link_script CMakeFiles/cmTC_bbf61.dir/link.txt --verbose=1
/opt/ppc-amigaos/bin/ppc-amigaos-gcc -O2 -fno-plt -pipe -ffast-math -D_ARCH_G3 -mcpu=G3 -mno-altivec  -mstrict-align -mcrt=newlib -athread=native -D__amigaos4__ -DAMIGA -D__AMIGAOS4__ -I/opt/ppc-amigaos/usr/include  -mcrt=newlib -mstrict-align -lauto -lc -ldl -use-dynld -L/opt/ppc-amigaos/usr/lib  -Wl,--no-undefined  CMakeFiles/cmTC_bbf61.dir/src.c.obj -o cmTC_bbf61 
gmake[1]: Leaving directory '/work/wwwwwwwwwwwww/sdl2-compat/build/CMakeFiles/CMakeScratch/TryCompile-CGQL4n'


Source file was:
int main(void) { return 0; }

Performing C SOURCE FILE Test HAVE_WFORMAT succeeded with the following output:
Change Dir: /work/wwwwwwwwwwwww/sdl2-compat/build/CMakeFiles/CMakeScratch/TryCompile-xsjGbg

Run Build Command(s):/usr/bin/gmake -f Makefile cmTC_36de3/fast && /usr/bin/gmake  -f CMakeFiles/cmTC_36de3.dir/build.make CMakeFiles/cmTC_36de3.dir/build
gmake[1]: Entering directory '/work/wwwwwwwwwwwww/sdl2-compat/build/CMakeFiles/CMakeScratch/TryCompile-xsjGbg'
Building C object CMakeFiles/cmTC_36de3.dir/src.c.obj
/opt/ppc-amigaos/bin/ppc-amigaos-gcc -DHAVE_WFORMAT  -O2 -fno-plt -pipe -ffast-math -D_ARCH_G3 -mcpu=G3 -mno-altivec  -mstrict-align -mcrt=newlib -athread=native -D__amigaos4__ -DAMIGA -D__AMIGAOS4__ -I/opt/ppc-amigaos/usr/include  -Wall -Wdeclaration-after-statement -DSDL_DISABLE_IMMINTRIN_H    -Wformat -o CMakeFiles/cmTC_36de3.dir/src.c.obj -c /work/wwwwwwwwwwwww/sdl2-compat/build/CMakeFiles/CMakeScratch/TryCompile-xsjGbg/src.c
Linking C executable cmTC_36de3
/usr/bin/cmake -E cmake_link_script CMakeFiles/cmTC_36de3.dir/link.txt --verbose=1
/opt/ppc-amigaos/bin/ppc-amigaos-gcc -O2 -fno-plt -pipe -ffast-math -D_ARCH_G3 -mcpu=G3 -mno-altivec  -mstrict-align -mcrt=newlib -athread=native -D__amigaos4__ -DAMIGA -D__AMIGAOS4__ -I/opt/ppc-amigaos/usr/include  -Wall -Wdeclaration-after-statement -DSDL_DISABLE_IMMINTRIN_H  -mcrt=newlib -mstrict-align -lauto -lc -ldl -use-dynld -L/opt/ppc-amigaos/usr/lib  -Wl,--no-undefined  CMakeFiles/cmTC_36de3.dir/src.c.obj -o cmTC_36de3 
gmake[1]: Leaving directory '/work/wwwwwwwwwwwww/sdl2-compat/build/CMakeFiles/CMakeScratch/TryCompile-xsjGbg'


Source file was:
int main(void) { return 0; }

Performing C SOURCE FILE Test HAVE_WFORMAT_EXTRA_ARGS succeeded with the following output:
Change Dir: /work/wwwwwwwwwwwww/sdl2-compat/build/CMakeFiles/CMakeScratch/TryCompile-V3OrFf

Run Build Command(s):/usr/bin/gmake -f Makefile cmTC_109d5/fast && /usr/bin/gmake  -f CMakeFiles/cmTC_109d5.dir/build.make CMakeFiles/cmTC_109d5.dir/build
gmake[1]: Entering directory '/work/wwwwwwwwwwwww/sdl2-compat/build/CMakeFiles/CMakeScratch/TryCompile-V3OrFf'
Building C object CMakeFiles/cmTC_109d5.dir/src.c.obj
/opt/ppc-amigaos/bin/ppc-amigaos-gcc -DHAVE_WFORMAT_EXTRA_ARGS  -O2 -fno-plt -pipe -ffast-math -D_ARCH_G3 -mcpu=G3 -mno-altivec  -mstrict-align -mcrt=newlib -athread=native -D__amigaos4__ -DAMIGA -D__AMIGAOS4__ -I/opt/ppc-amigaos/usr/include  -Wall -Wdeclaration-after-statement -DSDL_DISABLE_IMMINTRIN_H  -Wformat   -Wformat-extra-args -o CMakeFiles/cmTC_109d5.dir/src.c.obj -c /work/wwwwwwwwwwwww/sdl2-compat/build/CMakeFiles/CMakeScratch/TryCompile-V3OrFf/src.c
Linking C executable cmTC_109d5
/usr/bin/cmake -E cmake_link_script CMakeFiles/cmTC_109d5.dir/link.txt --verbose=1
/opt/ppc-amigaos/bin/ppc-amigaos-gcc -O2 -fno-plt -pipe -ffast-math -D_ARCH_G3 -mcpu=G3 -mno-altivec  -mstrict-align -mcrt=newlib -athread=native -D__amigaos4__ -DAMIGA -D__AMIGAOS4__ -I/opt/ppc-amigaos/usr/include  -Wall -Wdeclaration-after-statement -DSDL_DISABLE_IMMINTRIN_H  -Wformat -mcrt=newlib -mstrict-align -lauto -lc -ldl -use-dynld -L/opt/ppc-amigaos/usr/lib  -Wl,--no-undefined  CMakeFiles/cmTC_109d5.dir/src.c.obj -o cmTC_109d5 
gmake[1]: Leaving directory '/work/wwwwwwwwwwwww/sdl2-compat/build/CMakeFiles/CMakeScratch/TryCompile-V3OrFf'


Source file was:
int main(void) { return 0; }

Compiling the CXX compiler identification source file "CMakeCXXCompilerId.cpp" succeeded.
Compiler: /opt/ppc-amigaos/bin/ppc-amigaos-g++ 
Build flags: ;-O2;-fno-plt;-pipe;-ffast-math;-D_ARCH_G3;-mcpu=G3;-mno-altivec;;-mstrict-align;-mcrt=newlib;-athread=native;-D__amigaos4__;-DAMIGA;-D__AMIGAOS4__;-I/opt/ppc-amigaos/usr/include;
Id flags:  

The output was:
0


Compilation of the CXX compiler identification source "CMakeCXXCompilerId.cpp" produced "a.out"

The CXX compiler identification is GNU, found in "/work/wwwwwwwwwwwww/sdl2-compat/build/CMakeFiles/3.25.1/CompilerIdCXX/a.out"

Detecting CXX compiler ABI info compiled with the following output:
Change Dir: /work/wwwwwwwwwwwww/sdl2-compat/build/CMakeFiles/CMakeScratch/TryCompile-c7hUoQ

Run Build Command(s):/usr/bin/gmake -f Makefile cmTC_9221d/fast && /usr/bin/gmake  -f CMakeFiles/cmTC_9221d.dir/build.make CMakeFiles/cmTC_9221d.dir/build
gmake[1]: Entering directory '/work/wwwwwwwwwwwww/sdl2-compat/build/CMakeFiles/CMakeScratch/TryCompile-c7hUoQ'
Building CXX object CMakeFiles/cmTC_9221d.dir/CMakeCXXCompilerABI.cpp.obj
/opt/ppc-amigaos/bin/ppc-amigaos-g++   -O2 -fno-plt -pipe -ffast-math -D_ARCH_G3 -mcpu=G3 -mno-altivec  -mstrict-align -mcrt=newlib -athread=native -D__amigaos4__ -DAMIGA -D__AMIGAOS4__ -I/opt/ppc-amigaos/usr/include    -v -o CMakeFiles/cmTC_9221d.dir/CMakeCXXCompilerABI.cpp.obj -c /usr/share/cmake-3.25/Modules/CMakeCXXCompilerABI.cpp
Using built-in specs.
COLLECT_GCC=/opt/ppc-amigaos/bin/ppc-amigaos-g++
Target: ppc-amigaos
Configured with: /usr/local/src/k/ppc/adtools/gcc/repo/configure --with-bugurl=https://github.com/sba1/adtools/issues --with-pkgversion='adtools build 11.5.0' --target=ppc-amigaos --prefix=/opt/ppc-amigaos --enable-languages=c,c++ --enable-haifa --enable-sjlj-exceptions --disable-libstdcxx-pch --disable-tls --enable-threads=amigaos --enable-lto --disable-c++tools : (reconfigured) /usr/local/src/k/ppc/adtools/gcc/repo/configure --with-bugurl=https://github.com/sba1/adtools/issues --with-pkgversion='adtools build 11.5.0' --target=ppc-amigaos --prefix=/opt/ppc-amigaos --enable-languages=c,c++ --enable-haifa --enable-sjlj-exceptions --disable-libstdcxx-pch --disable-tls --enable-threads=amigaos --enable-lto --disable-c++tools
Thread model: amigaos
Supported LTO compression algorithms: zlib
gcc version 11.5.0 (adtools build 11.5.0) 
COLLECT_GCC_OPTIONS='-O2' '-fno-plt' '-pipe' '-ffast-math' '-D' '_ARCH_G3' '-mcpu=G3' '-mno-altivec' '-mstrict-align' '-mcrt=newlib' '-athread=native' '-D' '__amigaos4__' '-D' 'AMIGA' '-D' '__AMIGAOS4__' '-I' '/opt/ppc-amigaos/usr/include' '-v' '-o' 'CMakeFiles/cmTC_9221d.dir/CMakeCXXCompilerABI.cpp.obj' '-c' '-dumpdir' 'CMakeFiles/cmTC_9221d.dir/'
 /opt/ppc-amigaos/libexec/gcc/ppc-amigaos/11.5.0/cc1plus -quiet -v -I /opt/ppc-amigaos/usr/include -idirafter /opt/ppc-amigaos/ppc-amigaos/SDK/newlib/include -idirafter /opt/ppc-amigaos/ppc-amigaos/SDK/local/newlib/include -idirafter /opt/ppc-amigaos/ppc-amigaos/SDK/include/include_h -idirafter /opt/ppc-amigaos/ppc-amigaos/SDK/include/netinclude -idirafter /opt/ppc-amigaos/ppc-amigaos/SDK/local/common/include -D _ARCH_G3 -D __amigaos4__ -D AMIGA -D __AMIGAOS4__ /usr/share/cmake-3.25/Modules/CMakeCXXCompilerABI.cpp -quiet -dumpdir CMakeFiles/cmTC_9221d.dir/ -dumpbase CMakeCXXCompilerABI.cpp.cpp -dumpbase-ext .cpp -mcpu=G3 -mno-altivec -mstrict-align -mcrt=newlib -O2 -version -fno-plt -ffast-math -o - |
 /opt/ppc-amigaos/lib/gcc/ppc-amigaos/11.5.0/../../../../ppc-amigaos/bin/as --traditional-format -mppc -mbig -o CMakeFiles/cmTC_9221d.dir/CMakeCXXCompilerABI.cpp.obj
GNU C++17 (adtools build 11.5.0) version 11.5.0 (ppc-amigaos)
	compiled by GNU C version 12.2.0, GMP version 6.2.0, MPFR version 4.0.2, MPC version 1.1.0, isl version none
warning: GMP header version 6.2.0 differs from library version 6.3.0.
warning: MPFR header version 4.0.2 differs from library version 4.1.1-p1.
warning: MPC header version 1.1.0 differs from library version 1.3.1.
GGC heuristics: --param ggc-min-expand=100 --param ggc-min-heapsize=131072
ignoring nonexistent directory "/opt/ppc-amigaos/lib/gcc/ppc-amigaos/11.5.0/../../../../ppc-amigaos/sys-include"
ignoring duplicate directory "/opt/ppc-amigaos/usr/include"
  as it is a non-system directory that duplicates a system directory
#include "..." search starts here:
#include <...> search starts here:
 /opt/ppc-amigaos/lib/gcc/ppc-amigaos/11.5.0/../../../../ppc-amigaos/include/c++/11.5.0
 /opt/ppc-amigaos/lib/gcc/ppc-amigaos/11.5.0/../../../../ppc-amigaos/include/c++/11.5.0/ppc-amigaos
 /opt/ppc-amigaos/lib/gcc/ppc-amigaos/11.5.0/../../../../ppc-amigaos/include/c++/11.5.0/backward
 /opt/ppc-amigaos/lib/gcc/ppc-amigaos/11.5.0/include
 /opt/ppc-amigaos/lib/gcc/ppc-amigaos/11.5.0/include-fixed
 /opt/ppc-amigaos/lib/gcc/ppc-amigaos/11.5.0/../../../../ppc-amigaos/include
 /opt/ppc-amigaos/ppc-amigaos/SDK/newlib/include
 /opt/ppc-amigaos/ppc-amigaos/SDK/local/newlib/include
 /opt/ppc-amigaos/ppc-amigaos/SDK/include/include_h
 /opt/ppc-amigaos/ppc-amigaos/SDK/include/netinclude
 /opt/ppc-amigaos/ppc-amigaos/SDK/local/common/include
End of search list.
GNU C++17 (adtools build 11.5.0) version 11.5.0 (ppc-amigaos)
	compiled by GNU C version 12.2.0, GMP version 6.2.0, MPFR version 4.0.2, MPC version 1.1.0, isl version none
warning: GMP header version 6.2.0 differs from library version 6.3.0.
warning: MPFR header version 4.0.2 differs from library version 4.1.1-p1.
warning: MPC header version 1.1.0 differs from library version 1.3.1.
GGC heuristics: --param ggc-min-expand=100 --param ggc-min-heapsize=131072
Compiler executable checksum: e079a6f63ad1b1114245ed5224369efe
COMPILER_PATH=/opt/ppc-amigaos/libexec/gcc/ppc-amigaos/11.5.0/:/opt/ppc-amigaos/libexec/gcc/ppc-amigaos/11.5.0/:/opt/ppc-amigaos/libexec/gcc/ppc-amigaos/:/opt/ppc-amigaos/lib/gcc/ppc-amigaos/11.5.0/:/opt/ppc-amigaos/lib/gcc/ppc-amigaos/:/opt/ppc-amigaos/lib/gcc/ppc-amigaos/11.5.0/../../../../ppc-amigaos/bin/
LIBRARY_PATH=/opt/ppc-amigaos/lib/gcc/ppc-amigaos/11.5.0/:/opt/ppc-amigaos/lib/gcc/ppc-amigaos/11.5.0/../../../../ppc-amigaos/lib/
COLLECT_GCC_OPTIONS='-O2' '-fno-plt' '-pipe' '-ffast-math' '-D' '_ARCH_G3' '-mcpu=G3' '-mno-altivec' '-mstrict-align' '-mcrt=newlib' '-athread=native' '-D' '__amigaos4__' '-D' 'AMIGA' '-D' '__AMIGAOS4__' '-I' '/opt/ppc-amigaos/usr/include' '-v' '-o' 'CMakeFiles/cmTC_9221d.dir/CMakeCXXCompilerABI.cpp.obj' '-c' '-dumpdir' 'CMakeFiles/cmTC_9221d.dir/CMakeCXXCompilerABI.cpp.'
Linking CXX executable cmTC_9221d
/usr/bin/cmake -E cmake_link_script CMakeFiles/cmTC_9221d.dir/link.txt --verbose=1
/opt/ppc-amigaos/bin/ppc-amigaos-g++ -O2 -fno-plt -pipe -ffast-math -D_ARCH_G3 -mcpu=G3 -mno-altivec  -mstrict-align -mcrt=newlib -athread=native -D__amigaos4__ -DAMIGA -D__AMIGAOS4__ -I/opt/ppc-amigaos/usr/include  -mcrt=newlib -mstrict-align -lauto -lc -ldl -use-dynld -L/opt/ppc-amigaos/usr/lib  -Wl,--no-undefined -v CMakeFiles/cmTC_9221d.dir/CMakeCXXCompilerABI.cpp.obj -o cmTC_9221d 
Using built-in specs.
COLLECT_GCC=/opt/ppc-amigaos/bin/ppc-amigaos-g++
COLLECT_LTO_WRAPPER=/opt/ppc-amigaos/libexec/gcc/ppc-amigaos/11.5.0/lto-wrapper
Target: ppc-amigaos
Configured with: /usr/local/src/k/ppc/adtools/gcc/repo/configure --with-bugurl=https://github.com/sba1/adtools/issues --with-pkgversion='adtools build 11.5.0' --target=ppc-amigaos --prefix=/opt/ppc-amigaos --enable-languages=c,c++ --enable-haifa --enable-sjlj-exceptions --disable-libstdcxx-pch --disable-tls --enable-threads=amigaos --enable-lto --disable-c++tools : (reconfigured) /usr/local/src/k/ppc/adtools/gcc/repo/configure --with-bugurl=https://github.com/sba1/adtools/issues --with-pkgversion='adtools build 11.5.0' --target=ppc-amigaos --prefix=/opt/ppc-amigaos --enable-languages=c,c++ --enable-haifa --enable-sjlj-exceptions --disable-libstdcxx-pch --disable-tls --enable-threads=amigaos --enable-lto --disable-c++tools
Thread model: amigaos
Supported LTO compression algorithms: zlib
gcc version 11.5.0 (adtools build 11.5.0) 
COMPILER_PATH=/opt/ppc-amigaos/libexec/gcc/ppc-amigaos/11.5.0/:/opt/ppc-amigaos/libexec/gcc/ppc-amigaos/11.5.0/:/opt/ppc-amigaos/libexec/gcc/ppc-amigaos/:/opt/ppc-amigaos/lib/gcc/ppc-amigaos/11.5.0/:/opt/ppc-amigaos/lib/gcc/ppc-amigaos/:/opt/ppc-amigaos/lib/gcc/ppc-amigaos/11.5.0/../../../../ppc-amigaos/bin/
LIBRARY_PATH=/opt/ppc-amigaos/lib/gcc/ppc-amigaos/11.5.0/:/opt/ppc-amigaos/lib/gcc/ppc-amigaos/11.5.0/../../../../ppc-amigaos/lib/
COLLECT_GCC_OPTIONS='-O2' '-fno-plt' '-pipe' '-ffast-math' '-D' '_ARCH_G3' '-mcpu=G3' '-mno-altivec' '-mcrt=newlib' '-athread=native' '-D' '__amigaos4__' '-D' 'AMIGA' '-D' '__AMIGAOS4__' '-I' '/opt/ppc-amigaos/usr/include' '-mcrt=newlib' '-mstrict-align' '-use-dynld' '-L/opt/ppc-amigaos/usr/lib' '-v' '-o' 'cmTC_9221d' '-dumpdir' 'cmTC_9221d.'
 /opt/ppc-amigaos/libexec/gcc/ppc-amigaos/11.5.0/collect2 -plugin /opt/ppc-amigaos/libexec/gcc/ppc-amigaos/11.5.0/liblto_plugin.so -plugin-opt=/opt/ppc-amigaos/libexec/gcc/ppc-amigaos/11.5.0/lto-wrapper -plugin-opt=-fresolution=/tmp/ccHLKxgn.res -plugin-opt=-pass-through=-lgcc -plugin-opt=-pass-through=-lc -plugin-opt=-pass-through=-lgcc --defsym __amigaos4__=1 -q -d -V -Qy /opt/ppc-amigaos/lib/gcc/ppc-amigaos/11.5.0/gthr-amigaos-native.o -dy -L/opt/ppc-amigaos/ppc-amigaos/SDK/newlib/lib -L/opt/ppc-amigaos/lib/gcc/ppc-amigaos/11.5.0/newlib/lib -L/opt/ppc-amigaos/ppc-amigaos/SDK/local/newlib/lib -L/opt/ppc-amigaos/ppc-amigaos/SDK/local/common/lib -o cmTC_9221d -use-dynld /opt/ppc-amigaos/ppc-amigaos/SDK/newlib/lib/crtbegin.o -L/opt/ppc-amigaos/usr/lib -L/opt/ppc-amigaos/lib/gcc/ppc-amigaos/11.5.0 -L/opt/ppc-amigaos/lib/gcc/ppc-amigaos/11.5.0/../../../../ppc-amigaos/lib -lauto -ldl --no-undefined CMakeFiles/cmTC_9221d.dir/CMakeCXXCompilerABI.cpp.obj -lstdc++ -lm -lc -lgcc --start-group -lc --end-group -lgcc /opt/ppc-amigaos/ppc-amigaos/SDK/newlib/lib/crtend.o
GNU ld (GNU Binutils) 2.23.2
  Supported emulations:
   amigaos
   elf32ppc
COLLECT_GCC_OPTIONS='-O2' '-fno-plt' '-pipe' '-ffast-math' '-D' '_ARCH_G3' '-mcpu=G3' '-mno-altivec' '-mcrt=newlib' '-athread=native' '-D' '__amigaos4__' '-D' 'AMIGA' '-D' '__AMIGAOS4__' '-I' '/opt/ppc-amigaos/usr/include' '-mcrt=newlib' '-mstrict-align' '-use-dynld' '-L/opt/ppc-amigaos/usr/lib' '-v' '-o' 'cmTC_9221d' '-dumpdir' 'cmTC_9221d.'
gmake[1]: Leaving directory '/work/wwwwwwwwwwwww/sdl2-compat/build/CMakeFiles/CMakeScratch/TryCompile-c7hUoQ'



Parsed CXX implicit include dir info from above output: rv=done
  found start of include info
  found start of implicit include info
    add: [/opt/ppc-amigaos/lib/gcc/ppc-amigaos/11.5.0/../../../../ppc-amigaos/include/c++/11.5.0]
    add: [/opt/ppc-amigaos/lib/gcc/ppc-amigaos/11.5.0/../../../../ppc-amigaos/include/c++/11.5.0/ppc-amigaos]
    add: [/opt/ppc-amigaos/lib/gcc/ppc-amigaos/11.5.0/../../../../ppc-amigaos/include/c++/11.5.0/backward]
    add: [/opt/ppc-amigaos/lib/gcc/ppc-amigaos/11.5.0/include]
    add: [/opt/ppc-amigaos/lib/gcc/ppc-amigaos/11.5.0/include-fixed]
    add: [/opt/ppc-amigaos/lib/gcc/ppc-amigaos/11.5.0/../../../../ppc-amigaos/include]
    add: [/opt/ppc-amigaos/ppc-amigaos/SDK/newlib/include]
    add: [/opt/ppc-amigaos/ppc-amigaos/SDK/local/newlib/include]
    add: [/opt/ppc-amigaos/ppc-amigaos/SDK/include/include_h]
    add: [/opt/ppc-amigaos/ppc-amigaos/SDK/include/netinclude]
    add: [/opt/ppc-amigaos/ppc-amigaos/SDK/local/common/include]
  end of search list found
  collapse include dir [/opt/ppc-amigaos/lib/gcc/ppc-amigaos/11.5.0/../../../../ppc-amigaos/include/c++/11.5.0] ==> [/opt/ppc-amigaos/ppc-amigaos/include/c++/11.5.0]
  collapse include dir [/opt/ppc-amigaos/lib/gcc/ppc-amigaos/11.5.0/../../../../ppc-amigaos/include/c++/11.5.0/ppc-amigaos] ==> [/opt/ppc-amigaos/ppc-amigaos/include/c++/11.5.0/ppc-amigaos]
  collapse include dir [/opt/ppc-amigaos/lib/gcc/ppc-amigaos/11.5.0/../../../../ppc-amigaos/include/c++/11.5.0/backward] ==> [/opt/ppc-amigaos/ppc-amigaos/include/c++/11.5.0/backward]
  collapse include dir [/opt/ppc-amigaos/lib/gcc/ppc-amigaos/11.5.0/include] ==> [/opt/ppc-amigaos/lib/gcc/ppc-amigaos/11.5.0/include]
  collapse include dir [/opt/ppc-amigaos/lib/gcc/ppc-amigaos/11.5.0/include-fixed] ==> [/opt/ppc-amigaos/lib/gcc/ppc-amigaos/11.5.0/include-fixed]
  collapse include dir [/opt/ppc-amigaos/lib/gcc/ppc-amigaos/11.5.0/../../../../ppc-amigaos/include] ==> [/opt/ppc-amigaos/ppc-amigaos/include]
  collapse include dir [/opt/ppc-amigaos/ppc-amigaos/SDK/newlib/include] ==> [/opt/ppc-amigaos/ppc-amigaos/SDK/newlib/include]
  collapse include dir [/opt/ppc-amigaos/ppc-amigaos/SDK/local/newlib/include] ==> [/opt/ppc-amigaos/ppc-amigaos/SDK/local/newlib/include]
  collapse include dir [/opt/ppc-amigaos/ppc-amigaos/SDK/include/include_h] ==> [/opt/ppc-amigaos/ppc-amigaos/SDK/include/include_h]
  collapse include dir [/opt/ppc-amigaos/ppc-amigaos/SDK/include/netinclude] ==> [/opt/ppc-amigaos/ppc-amigaos/SDK/include/netinclude]
  collapse include dir [/opt/ppc-amigaos/ppc-amigaos/SDK/local/common/include] ==> [/opt/ppc-amigaos/ppc-amigaos/SDK/local/common/include]
  implicit include dirs: [/opt/ppc-amigaos/ppc-amigaos/include/c++/11.5.0;/opt/ppc-amigaos/ppc-amigaos/include/c++/11.5.0/ppc-amigaos;/opt/ppc-amigaos/ppc-amigaos/include/c++/11.5.0/backward;/opt/ppc-amigaos/lib/gcc/ppc-amigaos/11.5.0/include;/opt/ppc-amigaos/lib/gcc/ppc-amigaos/11.5.0/include-fixed;/opt/ppc-amigaos/ppc-amigaos/include;/opt/ppc-amigaos/ppc-amigaos/SDK/newlib/include;/opt/ppc-amigaos/ppc-amigaos/SDK/local/newlib/include;/opt/ppc-amigaos/ppc-amigaos/SDK/include/include_h;/opt/ppc-amigaos/ppc-amigaos/SDK/include/netinclude;/opt/ppc-amigaos/ppc-amigaos/SDK/local/common/include]


Parsed CXX implicit link information from above output:
  link line regex: [^( *|.*[/\])(ppc-amigaos-ld|CMAKE_LINK_STARTFILE-NOTFOUND|([^/\]+-)?ld|collect2)[^/\]*( |$)]
  ignore line: [Change Dir: /work/wwwwwwwwwwwww/sdl2-compat/build/CMakeFiles/CMakeScratch/TryCompile-c7hUoQ]
  ignore line: []
  ignore line: [Run Build Command(s):/usr/bin/gmake -f Makefile cmTC_9221d/fast && /usr/bin/gmake  -f CMakeFiles/cmTC_9221d.dir/build.make CMakeFiles/cmTC_9221d.dir/build]
  ignore line: [gmake[1]: Entering directory '/work/wwwwwwwwwwwww/sdl2-compat/build/CMakeFiles/CMakeScratch/TryCompile-c7hUoQ']
  ignore line: [Building CXX object CMakeFiles/cmTC_9221d.dir/CMakeCXXCompilerABI.cpp.obj]
  ignore line: [/opt/ppc-amigaos/bin/ppc-amigaos-g++   -O2 -fno-plt -pipe -ffast-math -D_ARCH_G3 -mcpu=G3 -mno-altivec  -mstrict-align -mcrt=newlib -athread=native -D__amigaos4__ -DAMIGA -D__AMIGAOS4__ -I/opt/ppc-amigaos/usr/include    -v -o CMakeFiles/cmTC_9221d.dir/CMakeCXXCompilerABI.cpp.obj -c /usr/share/cmake-3.25/Modules/CMakeCXXCompilerABI.cpp]
  ignore line: [Using built-in specs.]
  ignore line: [COLLECT_GCC=/opt/ppc-amigaos/bin/ppc-amigaos-g++]
  ignore line: [Target: ppc-amigaos]
  ignore line: [Configured with: /usr/local/src/k/ppc/adtools/gcc/repo/configure --with-bugurl=https://github.com/sba1/adtools/issues --with-pkgversion='adtools build 11.5.0' --target=ppc-amigaos --prefix=/opt/ppc-amigaos --enable-languages=c c++ --enable-haifa --enable-sjlj-exceptions --disable-libstdcxx-pch --disable-tls --enable-threads=amigaos --enable-lto --disable-c++tools : (reconfigured) /usr/local/src/k/ppc/adtools/gcc/repo/configure --with-bugurl=https://github.com/sba1/adtools/issues --with-pkgversion='adtools build 11.5.0' --target=ppc-amigaos --prefix=/opt/ppc-amigaos --enable-languages=c c++ --enable-haifa --enable-sjlj-exceptions --disable-libstdcxx-pch --disable-tls --enable-threads=amigaos --enable-lto --disable-c++tools]
  ignore line: [Thread model: amigaos]
  ignore line: [Supported LTO compression algorithms: zlib]
  ignore line: [gcc version 11.5.0 (adtools build 11.5.0) ]
  ignore line: [COLLECT_GCC_OPTIONS='-O2' '-fno-plt' '-pipe' '-ffast-math' '-D' '_ARCH_G3' '-mcpu=G3' '-mno-altivec' '-mstrict-align' '-mcrt=newlib' '-athread=native' '-D' '__amigaos4__' '-D' 'AMIGA' '-D' '__AMIGAOS4__' '-I' '/opt/ppc-amigaos/usr/include' '-v' '-o' 'CMakeFiles/cmTC_9221d.dir/CMakeCXXCompilerABI.cpp.obj' '-c' '-dumpdir' 'CMakeFiles/cmTC_9221d.dir/']
  ignore line: [ /opt/ppc-amigaos/libexec/gcc/ppc-amigaos/11.5.0/cc1plus -quiet -v -I /opt/ppc-amigaos/usr/include -idirafter /opt/ppc-amigaos/ppc-amigaos/SDK/newlib/include -idirafter /opt/ppc-amigaos/ppc-amigaos/SDK/local/newlib/include -idirafter /opt/ppc-amigaos/ppc-amigaos/SDK/include/include_h -idirafter /opt/ppc-amigaos/ppc-amigaos/SDK/include/netinclude -idirafter /opt/ppc-amigaos/ppc-amigaos/SDK/local/common/include -D _ARCH_G3 -D __amigaos4__ -D AMIGA -D __AMIGAOS4__ /usr/share/cmake-3.25/Modules/CMakeCXXCompilerABI.cpp -quiet -dumpdir CMakeFiles/cmTC_9221d.dir/ -dumpbase CMakeCXXCompilerABI.cpp.cpp -dumpbase-ext .cpp -mcpu=G3 -mno-altivec -mstrict-align -mcrt=newlib -O2 -version -fno-plt -ffast-math -o - |]
  ignore line: [ /opt/ppc-amigaos/lib/gcc/ppc-amigaos/11.5.0/../../../../ppc-amigaos/bin/as --traditional-format -mppc -mbig -o CMakeFiles/cmTC_9221d.dir/CMakeCXXCompilerABI.cpp.obj]
  ignore line: [GNU C++17 (adtools build 11.5.0) version 11.5.0 (ppc-amigaos)]
  ignore line: [	compiled by GNU C version 12.2.0  GMP version 6.2.0  MPFR version 4.0.2  MPC version 1.1.0  isl version none]
  ignore line: [warning: GMP header version 6.2.0 differs from library version 6.3.0.]
  ignore line: [warning: MPFR header version 4.0.2 differs from library version 4.1.1-p1.]
  ignore line: [warning: MPC header version 1.1.0 differs from library version 1.3.1.]
  ignore line: [GGC heuristics: --param ggc-min-expand=100 --param ggc-min-heapsize=131072]
  ignore line: [ignoring nonexistent directory "/opt/ppc-amigaos/lib/gcc/ppc-amigaos/11.5.0/../../../../ppc-amigaos/sys-include"]
  ignore line: [ignoring duplicate directory "/opt/ppc-amigaos/usr/include"]
  ignore line: [  as it is a non-system directory that duplicates a system directory]
  ignore line: [#include "..." search starts here:]
  ignore line: [#include <...> search starts here:]
  ignore line: [ /opt/ppc-amigaos/lib/gcc/ppc-amigaos/11.5.0/../../../../ppc-amigaos/include/c++/11.5.0]
  ignore line: [ /opt/ppc-amigaos/lib/gcc/ppc-amigaos/11.5.0/../../../../ppc-amigaos/include/c++/11.5.0/ppc-amigaos]
  ignore line: [ /opt/ppc-amigaos/lib/gcc/ppc-amigaos/11.5.0/../../../../ppc-amigaos/include/c++/11.5.0/backward]
  ignore line: [ /opt/ppc-amigaos/lib/gcc/ppc-amigaos/11.5.0/include]
  ignore line: [ /opt/ppc-amigaos/lib/gcc/ppc-amigaos/11.5.0/include-fixed]
  ignore line: [ /opt/ppc-amigaos/lib/gcc/ppc-amigaos/11.5.0/../../../../ppc-amigaos/include]
  ignore line: [ /opt/ppc-amigaos/ppc-amigaos/SDK/newlib/include]
  ignore line: [ /opt/ppc-amigaos/ppc-amigaos/SDK/local/newlib/include]
  ignore line: [ /opt/ppc-amigaos/ppc-amigaos/SDK/include/include_h]
  ignore line: [ /opt/ppc-amigaos/ppc-amigaos/SDK/include/netinclude]
  ignore line: [ /opt/ppc-amigaos/ppc-amigaos/SDK/local/common/include]
  ignore line: [End of search list.]
  ignore line: [GNU C++17 (adtools build 11.5.0) version 11.5.0 (ppc-amigaos)]
  ignore line: [	compiled by GNU C version 12.2.0  GMP version 6.2.0  MPFR version 4.0.2  MPC version 1.1.0  isl version none]
  ignore line: [warning: GMP header version 6.2.0 differs from library version 6.3.0.]
  ignore line: [warning: MPFR header version 4.0.2 differs from library version 4.1.1-p1.]
  ignore line: [warning: MPC header version 1.1.0 differs from library version 1.3.1.]
  ignore line: [GGC heuristics: --param ggc-min-expand=100 --param ggc-min-heapsize=131072]
  ignore line: [Compiler executable checksum: e079a6f63ad1b1114245ed5224369efe]
  ignore line: [COMPILER_PATH=/opt/ppc-amigaos/libexec/gcc/ppc-amigaos/11.5.0/:/opt/ppc-amigaos/libexec/gcc/ppc-amigaos/11.5.0/:/opt/ppc-amigaos/libexec/gcc/ppc-amigaos/:/opt/ppc-amigaos/lib/gcc/ppc-amigaos/11.5.0/:/opt/ppc-amigaos/lib/gcc/ppc-amigaos/:/opt/ppc-amigaos/lib/gcc/ppc-amigaos/11.5.0/../../../../ppc-amigaos/bin/]
  ignore line: [LIBRARY_PATH=/opt/ppc-amigaos/lib/gcc/ppc-amigaos/11.5.0/:/opt/ppc-amigaos/lib/gcc/ppc-amigaos/11.5.0/../../../../ppc-amigaos/lib/]
  ignore line: [COLLECT_GCC_OPTIONS='-O2' '-fno-plt' '-pipe' '-ffast-math' '-D' '_ARCH_G3' '-mcpu=G3' '-mno-altivec' '-mstrict-align' '-mcrt=newlib' '-athread=native' '-D' '__amigaos4__' '-D' 'AMIGA' '-D' '__AMIGAOS4__' '-I' '/opt/ppc-amigaos/usr/include' '-v' '-o' 'CMakeFiles/cmTC_9221d.dir/CMakeCXXCompilerABI.cpp.obj' '-c' '-dumpdir' 'CMakeFiles/cmTC_9221d.dir/CMakeCXXCompilerABI.cpp.']
  ignore line: [Linking CXX executable cmTC_9221d]
  ignore line: [/usr/bin/cmake -E cmake_link_script CMakeFiles/cmTC_9221d.dir/link.txt --verbose=1]
  ignore line: [/opt/ppc-amigaos/bin/ppc-amigaos-g++ -O2 -fno-plt -pipe -ffast-math -D_ARCH_G3 -mcpu=G3 -mno-altivec  -mstrict-align -mcrt=newlib -athread=native -D__amigaos4__ -DAMIGA -D__AMIGAOS4__ -I/opt/ppc-amigaos/usr/include  -mcrt=newlib -mstrict-align -lauto -lc -ldl -use-dynld -L/opt/ppc-amigaos/usr/lib  -Wl,--no-undefined -v CMakeFiles/cmTC_9221d.dir/CMakeCXXCompilerABI.cpp.obj -o cmTC_9221d ]
  ignore line: [Using built-in specs.]
  ignore line: [COLLECT_GCC=/opt/ppc-amigaos/bin/ppc-amigaos-g++]
  ignore line: [COLLECT_LTO_WRAPPER=/opt/ppc-amigaos/libexec/gcc/ppc-amigaos/11.5.0/lto-wrapper]
  ignore line: [Target: ppc-amigaos]
  ignore line: [Configured with: /usr/local/src/k/ppc/adtools/gcc/repo/configure --with-bugurl=https://github.com/sba1/adtools/issues --with-pkgversion='adtools build 11.5.0' --target=ppc-amigaos --prefix=/opt/ppc-amigaos --enable-languages=c c++ --enable-haifa --enable-sjlj-exceptions --disable-libstdcxx-pch --disable-tls --enable-threads=amigaos --enable-lto --disable-c++tools : (reconfigured) /usr/local/src/k/ppc/adtools/gcc/repo/configure --with-bugurl=https://github.com/sba1/adtools/issues --with-pkgversion='adtools build 11.5.0' --target=ppc-amigaos --prefix=/opt/ppc-amigaos --enable-languages=c c++ --enable-haifa --enable-sjlj-exceptions --disable-libstdcxx-pch --disable-tls --enable-threads=amigaos --enable-lto --disable-c++tools]
  ignore line: [Thread model: amigaos]
  ignore line: [Supported LTO compression algorithms: zlib]
  ignore line: [gcc version 11.5.0 (adtools build 11.5.0) ]
  ignore line: [COMPILER_PATH=/opt/ppc-amigaos/libexec/gcc/ppc-amigaos/11.5.0/:/opt/ppc-amigaos/libexec/gcc/ppc-amigaos/11.5.0/:/opt/ppc-amigaos/libexec/gcc/ppc-amigaos/:/opt/ppc-amigaos/lib/gcc/ppc-amigaos/11.5.0/:/opt/ppc-amigaos/lib/gcc/ppc-amigaos/:/opt/ppc-amigaos/lib/gcc/ppc-amigaos/11.5.0/../../../../ppc-amigaos/bin/]
  ignore line: [LIBRARY_PATH=/opt/ppc-amigaos/lib/gcc/ppc-amigaos/11.5.0/:/opt/ppc-amigaos/lib/gcc/ppc-amigaos/11.5.0/../../../../ppc-amigaos/lib/]
  ignore line: [COLLECT_GCC_OPTIONS='-O2' '-fno-plt' '-pipe' '-ffast-math' '-D' '_ARCH_G3' '-mcpu=G3' '-mno-altivec' '-mcrt=newlib' '-athread=native' '-D' '__amigaos4__' '-D' 'AMIGA' '-D' '__AMIGAOS4__' '-I' '/opt/ppc-amigaos/usr/include' '-mcrt=newlib' '-mstrict-align' '-use-dynld' '-L/opt/ppc-amigaos/usr/lib' '-v' '-o' 'cmTC_9221d' '-dumpdir' 'cmTC_9221d.']
  link line: [ /opt/ppc-amigaos/libexec/gcc/ppc-amigaos/11.5.0/collect2 -plugin /opt/ppc-amigaos/libexec/gcc/ppc-amigaos/11.5.0/liblto_plugin.so -plugin-opt=/opt/ppc-amigaos/libexec/gcc/ppc-amigaos/11.5.0/lto-wrapper -plugin-opt=-fresolution=/tmp/ccHLKxgn.res -plugin-opt=-pass-through=-lgcc -plugin-opt=-pass-through=-lc -plugin-opt=-pass-through=-lgcc --defsym __amigaos4__=1 -q -d -V -Qy /opt/ppc-amigaos/lib/gcc/ppc-amigaos/11.5.0/gthr-amigaos-native.o -dy -L/opt/ppc-amigaos/ppc-amigaos/SDK/newlib/lib -L/opt/ppc-amigaos/lib/gcc/ppc-amigaos/11.5.0/newlib/lib -L/opt/ppc-amigaos/ppc-amigaos/SDK/local/newlib/lib -L/opt/ppc-amigaos/ppc-amigaos/SDK/local/common/lib -o cmTC_9221d -use-dynld /opt/ppc-amigaos/ppc-amigaos/SDK/newlib/lib/crtbegin.o -L/opt/ppc-amigaos/usr/lib -L/opt/ppc-amigaos/lib/gcc/ppc-amigaos/11.5.0 -L/opt/ppc-amigaos/lib/gcc/ppc-amigaos/11.5.0/../../../../ppc-amigaos/lib -lauto -ldl --no-undefined CMakeFiles/cmTC_9221d.dir/CMakeCXXCompilerABI.cpp.obj -lstdc++ -lm -lc -lgcc --start-group -lc --end-group -lgcc /opt/ppc-amigaos/ppc-amigaos/SDK/newlib/lib/crtend.o]
    arg [/opt/ppc-amigaos/libexec/gcc/ppc-amigaos/11.5.0/collect2] ==> ignore
    arg [-plugin] ==> ignore
    arg [/opt/ppc-amigaos/libexec/gcc/ppc-amigaos/11.5.0/liblto_plugin.so] ==> ignore
    arg [-plugin-opt=/opt/ppc-amigaos/libexec/gcc/ppc-amigaos/11.5.0/lto-wrapper] ==> ignore
    arg [-plugin-opt=-fresolution=/tmp/ccHLKxgn.res] ==> ignore
    arg [-plugin-opt=-pass-through=-lgcc] ==> ignore
    arg [-plugin-opt=-pass-through=-lc] ==> ignore
    arg [-plugin-opt=-pass-through=-lgcc] ==> ignore
    arg [--defsym] ==> ignore
    arg [__amigaos4__=1] ==> ignore
    arg [-q] ==> ignore
    arg [-d] ==> ignore
    arg [-V] ==> ignore
    arg [-Qy] ==> ignore
    arg [/opt/ppc-amigaos/lib/gcc/ppc-amigaos/11.5.0/gthr-amigaos-native.o] ==> obj [/opt/ppc-amigaos/lib/gcc/ppc-amigaos/11.5.0/gthr-amigaos-native.o]
    arg [-dy] ==> ignore
    arg [-L/opt/ppc-amigaos/ppc-amigaos/SDK/newlib/lib] ==> dir [/opt/ppc-amigaos/ppc-amigaos/SDK/newlib/lib]
    arg [-L/opt/ppc-amigaos/lib/gcc/ppc-amigaos/11.5.0/newlib/lib] ==> dir [/opt/ppc-amigaos/lib/gcc/ppc-amigaos/11.5.0/newlib/lib]
    arg [-L/opt/ppc-amigaos/ppc-amigaos/SDK/local/newlib/lib] ==> dir [/opt/ppc-amigaos/ppc-amigaos/SDK/local/newlib/lib]
    arg [-L/opt/ppc-amigaos/ppc-amigaos/SDK/local/common/lib] ==> dir [/opt/ppc-amigaos/ppc-amigaos/SDK/local/common/lib]
    arg [-o] ==> ignore
    arg [cmTC_9221d] ==> ignore
    arg [-use-dynld] ==> ignore
    arg [/opt/ppc-amigaos/ppc-amigaos/SDK/newlib/lib/crtbegin.o] ==> obj [/opt/ppc-amigaos/ppc-amigaos/SDK/newlib/lib/crtbegin.o]
    arg [-L/opt/ppc-amigaos/usr/lib] ==> dir [/opt/ppc-amigaos/usr/lib]
    arg [-L/opt/ppc-amigaos/lib/gcc/ppc-amigaos/11.5.0] ==> dir [/opt/ppc-amigaos/lib/gcc/ppc-amigaos/11.5.0]
    arg [-L/opt/ppc-amigaos/lib/gcc/ppc-amigaos/11.5.0/../../../../ppc-amigaos/lib] ==> dir [/opt/ppc-amigaos/lib/gcc/ppc-amigaos/11.5.0/../../../../ppc-amigaos/lib]
    arg [-lauto] ==> lib [auto]
    arg [-ldl] ==> lib [dl]
    arg [--no-undefined] ==> ignore
    arg [CMakeFiles/cmTC_9221d.dir/CMakeCXXCompilerABI.cpp.obj] ==> ignore
    arg [-lstdc++] ==> lib [stdc++]
    arg [-lm] ==> lib [m]
    arg [-lc] ==> lib [c]
    arg [-lgcc] ==> lib [gcc]
    arg [--start-group] ==> ignore
    arg [-lc] ==> lib [c]
    arg [--end-group] ==> ignore
    arg [-lgcc] ==> lib [gcc]
    arg [/opt/ppc-amigaos/ppc-amigaos/SDK/newlib/lib/crtend.o] ==> obj [/opt/ppc-amigaos/ppc-amigaos/SDK/newlib/lib/crtend.o]
  collapse library dir [/opt/ppc-amigaos/ppc-amigaos/SDK/newlib/lib] ==> [/opt/ppc-amigaos/ppc-amigaos/SDK/newlib/lib]
  collapse library dir [/opt/ppc-amigaos/lib/gcc/ppc-amigaos/11.5.0/newlib/lib] ==> [/opt/ppc-amigaos/lib/gcc/ppc-amigaos/11.5.0/newlib/lib]
  collapse library dir [/opt/ppc-amigaos/ppc-amigaos/SDK/local/newlib/lib] ==> [/opt/ppc-amigaos/ppc-amigaos/SDK/local/newlib/lib]
  collapse library dir [/opt/ppc-amigaos/ppc-amigaos/SDK/local/common/lib] ==> [/opt/ppc-amigaos/ppc-amigaos/SDK/local/common/lib]
  collapse library dir [/opt/ppc-amigaos/usr/lib] ==> [/opt/ppc-amigaos/usr/lib]
  collapse library dir [/opt/ppc-amigaos/lib/gcc/ppc-amigaos/11.5.0] ==> [/opt/ppc-amigaos/lib/gcc/ppc-amigaos/11.5.0]
  collapse library dir [/opt/ppc-amigaos/lib/gcc/ppc-amigaos/11.5.0/../../../../ppc-amigaos/lib] ==> [/opt/ppc-amigaos/ppc-amigaos/lib]
  implicit libs: [auto;dl;stdc++;m;c;gcc;c;gcc]
  implicit objs: [/opt/ppc-amigaos/lib/gcc/ppc-amigaos/11.5.0/gthr-amigaos-native.o;/opt/ppc-amigaos/ppc-amigaos/SDK/newlib/lib/crtbegin.o;/opt/ppc-amigaos/ppc-amigaos/SDK/newlib/lib/crtend.o]
  implicit dirs: [/opt/ppc-amigaos/ppc-amigaos/SDK/newlib/lib;/opt/ppc-amigaos/lib/gcc/ppc-amigaos/11.5.0/newlib/lib;/opt/ppc-amigaos/ppc-amigaos/SDK/local/newlib/lib;/opt/ppc-amigaos/ppc-amigaos/SDK/local/common/lib;/opt/ppc-amigaos/usr/lib;/opt/ppc-amigaos/lib/gcc/ppc-amigaos/11.5.0;/opt/ppc-amigaos/ppc-amigaos/lib]
  implicit fwks: []


Performing C SOURCE FILE Test HAVE_WERROR succeeded with the following output:
Change Dir: /work/wwwwwwwwwwwww/sdl2-compat/build/CMakeFiles/CMakeScratch/TryCompile-SqTg6i

Run Build Command(s):/usr/bin/gmake -f Makefile cmTC_cdf61/fast && /usr/bin/gmake  -f CMakeFiles/cmTC_cdf61.dir/build.make CMakeFiles/cmTC_cdf61.dir/build
gmake[1]: Entering directory '/work/wwwwwwwwwwwww/sdl2-compat/build/CMakeFiles/CMakeScratch/TryCompile-SqTg6i'
Building C object CMakeFiles/cmTC_cdf61.dir/src.c.obj
/opt/ppc-amigaos/bin/ppc-amigaos-gcc -DHAVE_WERROR  -O2 -fno-plt -pipe -ffast-math -D_ARCH_G3 -mcpu=G3 -mno-altivec  -mstrict-align -mcrt=newlib -athread=native -D__amigaos4__ -DAMIGA -D__AMIGAOS4__ -I/opt/ppc-amigaos/usr/include  -Wall -Wdeclaration-after-statement -DSDL_DISABLE_IMMINTRIN_H    -Werror -o CMakeFiles/cmTC_cdf61.dir/src.c.obj -c /work/wwwwwwwwwwwww/sdl2-compat/build/CMakeFiles/CMakeScratch/TryCompile-SqTg6i/src.c
Linking C executable cmTC_cdf61
/usr/bin/cmake -E cmake_link_script CMakeFiles/cmTC_cdf61.dir/link.txt --verbose=1
/opt/ppc-amigaos/bin/ppc-amigaos-gcc -O2 -fno-plt -pipe -ffast-math -D_ARCH_G3 -mcpu=G3 -mno-altivec  -mstrict-align -mcrt=newlib -athread=native -D__amigaos4__ -DAMIGA -D__AMIGAOS4__ -I/opt/ppc-amigaos/usr/include  -Wall -Wdeclaration-after-statement -DSDL_DISABLE_IMMINTRIN_H  -mcrt=newlib -mstrict-align -lauto -lc -ldl -use-dynld -L/opt/ppc-amigaos/usr/lib  -Wl,--no-undefined  CMakeFiles/cmTC_cdf61.dir/src.c.obj -o cmTC_cdf61 
gmake[1]: Leaving directory '/work/wwwwwwwwwwwww/sdl2-compat/build/CMakeFiles/CMakeScratch/TryCompile-SqTg6i'


Source file was:
int main(void) { return 0; }

